# JRE version: OpenJDK Runtime Environment Temurin-21.0.8+9 (21.0.8+9) (build 21.0.8+9-LTS)
# Java VM: OpenJDK 64-Bit Server VM Temurin-21.0.8+9 (21.0.8+9-LTS, mixed mode, sharing, tiered, compressed oops, compressed class ptrs, parallel gc, windows-amd64)
GC Precious Log:
 CardTable entry size: 512
 CPUs: 12 total, 12 available
 Memory: 15693M
 Large Page Support: Disabled
 NUMA Support: Disabled
 Compressed Oops: Enabled (32-bit)
 Alignments: Space 512K, Generation 512K, Heap 2M
 Heap Min Capacity: 100M
 Heap Initial Capacity: 100M
 Heap Max Capacity: 2G
 Pre-touch: Disabled
 Parallel Workers: 10
Heap:
 PSYoungGen      total 6656K, used 2882K [0x00000000d5580000, 0x00000000d5e00000, 0x0000000100000000)
  eden space 6144K, 42% used [0x00000000d5580000,0x00000000d5808bd8,0x00000000d5b80000)
  from space 512K, 56% used [0x00000000d5d80000,0x00000000d5dc8000,0x00000000d5e00000)
  to   space 512K, 0% used [0x00000000d5d00000,0x00000000d5d00000,0x00000000d5d80000)
 ParOldGen       total 1275392K, used 1275175K [0x0000000080000000, 0x00000000cdd80000, 0x00000000d5580000)
  object space 1275392K, 99% used [0x0000000080000000,0x00000000cdd49ec0,0x00000000cdd80000)
 Metaspace       used 66195K, committed 67776K, reserved 1114112K
  class space    used 6988K, committed 7680K, reserved 1048576K
GC Heap History (20 events):
Event: 47.767 GC heap before
{Heap before GC invocations=1674 (full 3):
 PSYoungGen      total 2048K, used 2040K [0x00000000d5580000, 0x00000000d5d00000, 0x0000000100000000)
  eden space 1024K, 100% used [0x00000000d5580000,0x00000000d5680000,0x00000000d5680000)
  from space 1024K, 99% used [0x00000000d5900000,0x00000000d59fe028,0x00000000d5a00000)
  to   space 2560K, 0% used [0x00000000d5680000,0x00000000d5680000,0x00000000d5900000)
 ParOldGen       total 1262080K, used 1261613K [0x0000000080000000, 0x00000000cd080000, 0x00000000d5580000)
  object space 1262080K, 99% used [0x0000000080000000,0x00000000cd00b4c8,0x00000000cd080000)
 Metaspace       used 64781K, committed 66240K, reserved 1114112K
  class space    used 6837K, committed 7488K, reserved 1048576K
}
Event: 47.772 GC heap after
{Heap after GC invocations=1674 (full 3):
 PSYoungGen      total 2048K, used 1024K [0x00000000d5580000, 0x00000000d5a00000, 0x0000000100000000)
  eden space 1024K, 0% used [0x00000000d5580000,0x00000000d5580000,0x00000000d5680000)
  from space 1024K, 100% used [0x00000000d5680000,0x00000000d5780000,0x00000000d5780000)
  to   space 1536K, 0% used [0x00000000d5880000,0x00000000d5880000,0x00000000d5a00000)
 ParOldGen       total 1263104K, used 1262653K [0x0000000080000000, 0x00000000cd180000, 0x00000000d5580000)
  object space 1263104K, 99% used [0x0000000080000000,0x00000000cd10f4f0,0x00000000cd180000)
 Metaspace       used 64781K, committed 66240K, reserved 1114112K
  class space    used 6837K, committed 7488K, reserved 1048576K
}
Event: 47.777 GC heap before
{Heap before GC invocations=1675 (full 3):
 PSYoungGen      total 2048K, used 2048K [0x00000000d5580000, 0x00000000d5a00000, 0x0000000100000000)
  eden space 1024K, 100% used [0x00000000d5580000,0x00000000d5680000,0x00000000d5680000)
  from space 1024K, 100% used [0x00000000d5680000,0x00000000d5780000,0x00000000d5780000)
  to   space 1536K, 0% used [0x00000000d5880000,0x00000000d5880000,0x00000000d5a00000)
 ParOldGen       total 1263104K, used 1262653K [0x0000000080000000, 0x00000000cd180000, 0x00000000d5580000)
  object space 1263104K, 99% used [0x0000000080000000,0x00000000cd10f4f0,0x00000000cd180000)
 Metaspace       used 64781K, committed 66240K, reserved 1114112K
  class space    used 6837K, committed 7488K, reserved 1048576K
}
Event: 47.781 GC heap after
{Heap after GC invocations=1675 (full 3):
 PSYoungGen      total 3072K, used 1120K [0x00000000d5580000, 0x00000000d5a00000, 0x0000000100000000)
  eden space 1536K, 0% used [0x00000000d5580000,0x00000000d5580000,0x00000000d5700000)
  from space 1536K, 72% used [0x00000000d5880000,0x00000000d5998000,0x00000000d5a00000)
  to   space 1536K, 0% used [0x00000000d5700000,0x00000000d5700000,0x00000000d5880000)
 ParOldGen       total 1264128K, used 1263717K [0x0000000080000000, 0x00000000cd280000, 0x00000000d5580000)
  object space 1264128K, 99% used [0x0000000080000000,0x00000000cd2194f0,0x00000000cd280000)
 Metaspace       used 64781K, committed 66240K, reserved 1114112K
  class space    used 6837K, committed 7488K, reserved 1048576K
}
Event: 47.787 GC heap before
{Heap before GC invocations=1676 (full 3):
 PSYoungGen      total 3072K, used 2655K [0x00000000d5580000, 0x00000000d5a00000, 0x0000000100000000)
  eden space 1536K, 99% used [0x00000000d5580000,0x00000000d56fffa0,0x00000000d5700000)
  from space 1536K, 72% used [0x00000000d5880000,0x00000000d5998000,0x00000000d5a00000)
  to   space 1536K, 0% used [0x00000000d5700000,0x00000000d5700000,0x00000000d5880000)
 ParOldGen       total 1264128K, used 1263717K [0x0000000080000000, 0x00000000cd280000, 0x00000000d5580000)
  object space 1264128K, 99% used [0x0000000080000000,0x00000000cd2194f0,0x00000000cd280000)
 Metaspace       used 64781K, committed 66240K, reserved 1114112K
  class space    used 6837K, committed 7488K, reserved 1048576K
}
Event: 47.791 GC heap after
{Heap after GC invocations=1676 (full 3):
 PSYoungGen      total 3072K, used 1536K [0x00000000d5580000, 0x00000000d5d80000, 0x0000000100000000)
  eden space 1536K, 0% used [0x00000000d5580000,0x00000000d5580000,0x00000000d5700000)
  from space 1536K, 100% used [0x00000000d5700000,0x00000000d5880000,0x00000000d5880000)
  to   space 3072K, 0% used [0x00000000d5a80000,0x00000000d5a80000,0x00000000d5d80000)
 ParOldGen       total 1265152K, used 1264789K [0x0000000080000000, 0x00000000cd380000, 0x00000000d5580000)
  object space 1265152K, 99% used [0x0000000080000000,0x00000000cd3254f0,0x00000000cd380000)
 Metaspace       used 64781K, committed 66240K, reserved 1114112K
  class space    used 6837K, committed 7488K, reserved 1048576K
}
Event: 47.798 GC heap before
{Heap before GC invocations=1677 (full 3):
 PSYoungGen      total 3072K, used 3072K [0x00000000d5580000, 0x00000000d5d80000, 0x0000000100000000)
  eden space 1536K, 100% used [0x00000000d5580000,0x00000000d5700000,0x00000000d5700000)
  from space 1536K, 100% used [0x00000000d5700000,0x00000000d5880000,0x00000000d5880000)
  to   space 3072K, 0% used [0x00000000d5a80000,0x00000000d5a80000,0x00000000d5d80000)
 ParOldGen       total 1265152K, used 1264789K [0x0000000080000000, 0x00000000cd380000, 0x00000000d5580000)
  object space 1265152K, 99% used [0x0000000080000000,0x00000000cd3254f0,0x00000000cd380000)
 Metaspace       used 64781K, committed 66240K, reserved 1114112K
  class space    used 6837K, committed 7488K, reserved 1048576K
}
Event: 47.802 GC heap after
{Heap after GC invocations=1677 (full 3):
 PSYoungGen      total 4096K, used 1681K [0x00000000d5580000, 0x00000000d5c80000, 0x0000000100000000)
  eden space 2048K, 0% used [0x00000000d5580000,0x00000000d5580000,0x00000000d5780000)
  from space 2048K, 82% used [0x00000000d5a80000,0x00000000d5c24670,0x00000000d5c80000)
  to   space 2048K, 0% used [0x00000000d5880000,0x00000000d5880000,0x00000000d5a80000)
 ParOldGen       total 1266688K, used 1266301K [0x0000000080000000, 0x00000000cd500000, 0x00000000d5580000)
  object space 1266688K, 99% used [0x0000000080000000,0x00000000cd49f4f0,0x00000000cd500000)
 Metaspace       used 64781K, committed 66240K, reserved 1114112K
  class space    used 6837K, committed 7488K, reserved 1048576K
}
Event: 47.807 GC heap before
{Heap before GC invocations=1678 (full 3):
 PSYoungGen      total 4096K, used 3729K [0x00000000d5580000, 0x00000000d5c80000, 0x0000000100000000)
  eden space 2048K, 100% used [0x00000000d5580000,0x00000000d5780000,0x00000000d5780000)
  from space 2048K, 82% used [0x00000000d5a80000,0x00000000d5c24670,0x00000000d5c80000)
  to   space 2048K, 0% used [0x00000000d5880000,0x00000000d5880000,0x00000000d5a80000)
 ParOldGen       total 1266688K, used 1266301K [0x0000000080000000, 0x00000000cd500000, 0x00000000d5580000)
  object space 1266688K, 99% used [0x0000000080000000,0x00000000cd49f4f0,0x00000000cd500000)
 Metaspace       used 64781K, committed 66240K, reserved 1114112K
  class space    used 6837K, committed 7488K, reserved 1048576K
}
Event: 47.812 GC heap after
{Heap after GC invocations=1678 (full 3):
 PSYoungGen      total 4608K, used 2024K [0x00000000d5580000, 0x00000000d6000000, 0x0000000100000000)
  eden space 2560K, 0% used [0x00000000d5580000,0x00000000d5580000,0x00000000d5800000)
  from space 2048K, 98% used [0x00000000d5880000,0x00000000d5a7a2d0,0x00000000d5a80000)
  to   space 4096K, 0% used [0x00000000d5c00000,0x00000000d5c00000,0x00000000d6000000)
 ParOldGen       total 1268224K, used 1267910K [0x0000000080000000, 0x00000000cd680000, 0x00000000d5580000)
  object space 1268224K, 99% used [0x0000000080000000,0x00000000cd631a20,0x00000000cd680000)
 Metaspace       used 64781K, committed 66240K, reserved 1114112K
  class space    used 6837K, committed 7488K, reserved 1048576K
}
Event: 47.818 GC heap before
{Heap before GC invocations=1679 (full 3):
 PSYoungGen      total 4608K, used 4584K [0x00000000d5580000, 0x00000000d6000000, 0x0000000100000000)
  eden space 2560K, 100% used [0x00000000d5580000,0x00000000d5800000,0x00000000d5800000)
  from space 2048K, 98% used [0x00000000d5880000,0x00000000d5a7a2d0,0x00000000d5a80000)
  to   space 4096K, 0% used [0x00000000d5c00000,0x00000000d5c00000,0x00000000d6000000)
 ParOldGen       total 1268224K, used 1267910K [0x0000000080000000, 0x00000000cd680000, 0x00000000d5580000)
  object space 1268224K, 99% used [0x0000000080000000,0x00000000cd631a20,0x00000000cd680000)
 Metaspace       used 64781K, committed 66240K, reserved 1114112K
  class space    used 6837K, committed 7488K, reserved 1048576K
}
Event: 47.823 GC heap after
{Heap after GC invocations=1679 (full 3):
 PSYoungGen      total 5120K, used 1865K [0x00000000d5580000, 0x00000000d5e00000, 0x0000000100000000)
  eden space 3072K, 0% used [0x00000000d5580000,0x00000000d5580000,0x00000000d5880000)
  from space 2048K, 91% used [0x00000000d5c00000,0x00000000d5dd24d8,0x00000000d5e00000)
  to   space 2560K, 0% used [0x00000000d5900000,0x00000000d5900000,0x00000000d5b80000)
 ParOldGen       total 1268736K, used 1268363K [0x0000000080000000, 0x00000000cd700000, 0x00000000d5580000)
  object space 1268736K, 99% used [0x0000000080000000,0x00000000cd6a2c28,0x00000000cd700000)
 Metaspace       used 64781K, committed 66240K, reserved 1114112K
  class space    used 6837K, committed 7488K, reserved 1048576K
}
Event: 47.835 GC heap before
{Heap before GC invocations=1680 (full 3):
 PSYoungGen      total 5120K, used 4937K [0x00000000d5580000, 0x00000000d5e00000, 0x0000000100000000)
  eden space 3072K, 100% used [0x00000000d5580000,0x00000000d5880000,0x00000000d5880000)
  from space 2048K, 91% used [0x00000000d5c00000,0x00000000d5dd24d8,0x00000000d5e00000)
  to   space 2560K, 0% used [0x00000000d5900000,0x00000000d5900000,0x00000000d5b80000)
 ParOldGen       total 1268736K, used 1268363K [0x0000000080000000, 0x00000000cd700000, 0x00000000d5580000)
  object space 1268736K, 99% used [0x0000000080000000,0x00000000cd6a2c28,0x00000000cd700000)
 Metaspace       used 64781K, committed 66240K, reserved 1114112K
  class space    used 6837K, committed 7488K, reserved 1048576K
}
Event: 47.841 GC heap after
{Heap after GC invocations=1680 (full 3):
 PSYoungGen      total 6144K, used 2531K [0x00000000d5580000, 0x00000000d6480000, 0x0000000100000000)
  eden space 3584K, 0% used [0x00000000d5580000,0x00000000d5580000,0x00000000d5900000)
  from space 2560K, 98% used [0x00000000d5900000,0x00000000d5b78d30,0x00000000d5b80000)
  to   space 5632K, 0% used [0x00000000d5f00000,0x00000000d5f00000,0x00000000d6480000)
 ParOldGen       total 1270784K, used 1270570K [0x0000000080000000, 0x00000000cd900000, 0x00000000d5580000)
  object space 1270784K, 99% used [0x0000000080000000,0x00000000cd8ca808,0x00000000cd900000)
 Metaspace       used 64781K, committed 66240K, reserved 1114112K
  class space    used 6837K, committed 7488K, reserved 1048576K
}
Event: 47.896 GC heap before
{Heap before GC invocations=1681 (full 3):
 PSYoungGen      total 6144K, used 6115K [0x00000000d5580000, 0x00000000d6480000, 0x0000000100000000)
  eden space 3584K, 100% used [0x00000000d5580000,0x00000000d5900000,0x00000000d5900000)
  from space 2560K, 98% used [0x00000000d5900000,0x00000000d5b78d30,0x00000000d5b80000)
  to   space 5632K, 0% used [0x00000000d5f00000,0x00000000d5f00000,0x00000000d6480000)
 ParOldGen       total 1270784K, used 1270570K [0x0000000080000000, 0x00000000cd900000, 0x00000000d5580000)
  object space 1270784K, 99% used [0x0000000080000000,0x00000000cd8ca808,0x00000000cd900000)
 Metaspace       used 64781K, committed 66240K, reserved 1114112K
  class space    used 6837K, committed 7488K, reserved 1048576K
}
Event: 47.904 GC heap after
{Heap after GC invocations=1681 (full 3):
 PSYoungGen      total 6144K, used 1420K [0x00000000d5580000, 0x00000000d6080000, 0x0000000100000000)
  eden space 4608K, 0% used [0x00000000d5580000,0x00000000d5580000,0x00000000d5a00000)
  from space 1536K, 92% used [0x00000000d5f00000,0x00000000d6063018,0x00000000d6080000)
  to   space 3072K, 0% used [0x00000000d5a80000,0x00000000d5a80000,0x00000000d5d80000)
 ParOldGen       total 1272832K, used 1272790K [0x0000000080000000, 0x00000000cdb00000, 0x00000000d5580000)
  object space 1272832K, 99% used [0x0000000080000000,0x00000000cdaf58d0,0x00000000cdb00000)
 Metaspace       used 64781K, committed 66240K, reserved 1114112K
  class space    used 6837K, committed 7488K, reserved 1048576K
}
Event: 48.033 GC heap before
{Heap before GC invocations=1682 (full 3):
 PSYoungGen      total 6144K, used 6028K [0x00000000d5580000, 0x00000000d6080000, 0x0000000100000000)
  eden space 4608K, 100% used [0x00000000d5580000,0x00000000d5a00000,0x00000000d5a00000)
  from space 1536K, 92% used [0x00000000d5f00000,0x00000000d6063018,0x00000000d6080000)
  to   space 3072K, 0% used [0x00000000d5a80000,0x00000000d5a80000,0x00000000d5d80000)
 ParOldGen       total 1272832K, used 1272790K [0x0000000080000000, 0x00000000cdb00000, 0x00000000d5580000)
  object space 1272832K, 99% used [0x0000000080000000,0x00000000cdaf58d0,0x00000000cdb00000)
 Metaspace       used 65083K, committed 66624K, reserved 1114112K
  class space    used 6877K, committed 7552K, reserved 1048576K
}
Event: 48.040 GC heap after
{Heap after GC invocations=1682 (full 3):
 PSYoungGen      total 8192K, used 703K [0x00000000d5580000, 0x00000000d5f80000, 0x0000000100000000)
  eden space 5120K, 0% used [0x00000000d5580000,0x00000000d5580000,0x00000000d5a80000)
  from space 3072K, 22% used [0x00000000d5a80000,0x00000000d5b2fc18,0x00000000d5d80000)
  to   space 1536K, 0% used [0x00000000d5e00000,0x00000000d5e00000,0x00000000d5f80000)
 ParOldGen       total 1274368K, used 1274082K [0x0000000080000000, 0x00000000cdc80000, 0x00000000d5580000)
  object space 1274368K, 99% used [0x0000000080000000,0x00000000cdc388e8,0x00000000cdc80000)
 Metaspace       used 65083K, committed 66624K, reserved 1114112K
  class space    used 6877K, committed 7552K, reserved 1048576K
}
Event: 48.111 GC heap before
{Heap before GC invocations=1683 (full 3):
 PSYoungGen      total 8192K, used 5820K [0x00000000d5580000, 0x00000000d5f80000, 0x0000000100000000)
  eden space 5120K, 99% used [0x00000000d5580000,0x00000000d5a7f5e0,0x00000000d5a80000)
  from space 3072K, 22% used [0x00000000d5a80000,0x00000000d5b2fc18,0x00000000d5d80000)
  to   space 1536K, 0% used [0x00000000d5e00000,0x00000000d5e00000,0x00000000d5f80000)
 ParOldGen       total 1274368K, used 1274082K [0x0000000080000000, 0x00000000cdc80000, 0x00000000d5580000)
  object space 1274368K, 99% used [0x0000000080000000,0x00000000cdc388e8,0x00000000cdc80000)
 Metaspace       used 65777K, committed 67392K, reserved 1114112K
  class space    used 6944K, committed 7616K, reserved 1048576K
}
Event: 48.116 GC heap after
{Heap after GC invocations=1683 (full 3):
 PSYoungGen      total 6656K, used 320K [0x00000000d5580000, 0x00000000d5e80000, 0x0000000100000000)
  eden space 6144K, 0% used [0x00000000d5580000,0x00000000d5580000,0x00000000d5b80000)
  from space 512K, 62% used [0x00000000d5e00000,0x00000000d5e50000,0x00000000d5e80000)
  to   space 1024K, 0% used [0x00000000d5c80000,0x00000000d5c80000,0x00000000d5d80000)
 ParOldGen       total 1274880K, used 1274559K [0x0000000080000000, 0x00000000cdd00000, 0x00000000d5580000)
  object space 1274880K, 99% used [0x0000000080000000,0x00000000cdcafe40,0x00000000cdd00000)
 Metaspace       used 65777K, committed 67392K, reserved 1114112K
  class space    used 6944K, committed 7616K, reserved 1048576K
}

