# JRE version: OpenJDK Runtime Environment Temurin-21.0.8+9 (21.0.8+9) (build 21.0.8+9-LTS)
# Java VM: OpenJDK 64-Bit Server VM Temurin-21.0.8+9 (21.0.8+9-LTS, mixed mode, sharing, tiered, compressed oops, compressed class ptrs, parallel gc, windows-amd64)
GC Precious Log:
 CardTable entry size: 512
 CPUs: 12 total, 12 available
 Memory: 15693M
 Large Page Support: Disabled
 NUMA Support: Disabled
 Compressed Oops: Enabled (32-bit)
 Alignments: Space 512K, Generation 512K, Heap 2M
 Heap Min Capacity: 100M
 Heap Initial Capacity: 100M
 Heap Max Capacity: 2G
 Pre-touch: Disabled
 Parallel Workers: 10
Heap:
 PSYoungGen      total 25600K, used 8993K [0x00000000d5580000, 0x00000000d7580000, 0x0000000100000000)
  eden space 23552K, 29% used [0x00000000d5580000,0x00000000d5c4abf8,0x00000000d6c80000)
  from space 2048K, 99% used [0x00000000d7300000,0x00000000d74fd8e8,0x00000000d7500000)
  to   space 512K, 0% used [0x00000000d7500000,0x00000000d7500000,0x00000000d7580000)
 ParOldGen       total 1142784K, used 1142728K [0x0000000080000000, 0x00000000c5c00000, 0x00000000d5580000)
  object space 1142784K, 99% used [0x0000000080000000,0x00000000c5bf21f0,0x00000000c5c00000)
 Metaspace       used 78952K, committed 80832K, reserved 1179648K
  class space    used 8352K, committed 9152K, reserved 1048576K
GC Heap History (20 events):
Event: 238.002 GC heap before
{Heap before GC invocations=899 (full 4):
 PSYoungGen      total 27648K, used 25269K [0x00000000d5580000, 0x00000000d7700000, 0x0000000100000000)
  eden space 23552K, 100% used [0x00000000d5580000,0x00000000d6c80000,0x00000000d6c80000)
  from space 4096K, 41% used [0x00000000d6f80000,0x00000000d712d7e0,0x00000000d7380000)
  to   space 2048K, 0% used [0x00000000d7500000,0x00000000d7500000,0x00000000d7700000)
 ParOldGen       total 1132032K, used 1131886K [0x0000000080000000, 0x00000000c5180000, 0x00000000d5580000)
  object space 1132032K, 99% used [0x0000000080000000,0x00000000c515bad0,0x00000000c5180000)
 Metaspace       used 75225K, committed 77120K, reserved 1179648K
  class space    used 7992K, committed 8832K, reserved 1048576K
}
Event: 238.007 GC heap after
{Heap after GC invocations=899 (full 4):
 PSYoungGen      total 25600K, used 2039K [0x00000000d5580000, 0x00000000d7700000, 0x0000000100000000)
  eden space 23552K, 0% used [0x00000000d5580000,0x00000000d5580000,0x00000000d6c80000)
  from space 2048K, 99% used [0x00000000d7500000,0x00000000d76fdc80,0x00000000d7700000)
  to   space 3584K, 0% used [0x00000000d7000000,0x00000000d7000000,0x00000000d7380000)
 ParOldGen       total 1133056K, used 1132795K [0x0000000080000000, 0x00000000c5280000, 0x00000000d5580000)
  object space 1133056K, 99% used [0x0000000080000000,0x00000000c523ece0,0x00000000c5280000)
 Metaspace       used 75225K, committed 77120K, reserved 1179648K
  class space    used 7992K, committed 8832K, reserved 1048576K
}
Event: 240.130 GC heap before
{Heap before GC invocations=900 (full 4):
 PSYoungGen      total 25600K, used 25591K [0x00000000d5580000, 0x00000000d7700000, 0x0000000100000000)
  eden space 23552K, 100% used [0x00000000d5580000,0x00000000d6c80000,0x00000000d6c80000)
  from space 2048K, 99% used [0x00000000d7500000,0x00000000d76fdc80,0x00000000d7700000)
  to   space 3584K, 0% used [0x00000000d7000000,0x00000000d7000000,0x00000000d7380000)
 ParOldGen       total 1133056K, used 1132795K [0x0000000080000000, 0x00000000c5280000, 0x00000000d5580000)
  object space 1133056K, 99% used [0x0000000080000000,0x00000000c523ece0,0x00000000c5280000)
 Metaspace       used 76233K, committed 78144K, reserved 1179648K
  class space    used 8111K, committed 8960K, reserved 1048576K
}
Event: 240.136 GC heap after
{Heap after GC invocations=900 (full 4):
 PSYoungGen      total 25600K, used 1662K [0x00000000d5580000, 0x00000000d7580000, 0x0000000100000000)
  eden space 23552K, 0% used [0x00000000d5580000,0x00000000d5580000,0x00000000d6c80000)
  from space 2048K, 81% used [0x00000000d7000000,0x00000000d719f988,0x00000000d7200000)
  to   space 2560K, 0% used [0x00000000d7300000,0x00000000d7300000,0x00000000d7580000)
 ParOldGen       total 1134080K, used 1134069K [0x0000000080000000, 0x00000000c5380000, 0x00000000d5580000)
  object space 1134080K, 99% used [0x0000000080000000,0x00000000c537d510,0x00000000c5380000)
 Metaspace       used 76233K, committed 78144K, reserved 1179648K
  class space    used 8111K, committed 8960K, reserved 1048576K
}
Event: 241.885 GC heap before
{Heap before GC invocations=901 (full 4):
 PSYoungGen      total 25600K, used 25214K [0x00000000d5580000, 0x00000000d7580000, 0x0000000100000000)
  eden space 23552K, 100% used [0x00000000d5580000,0x00000000d6c80000,0x00000000d6c80000)
  from space 2048K, 81% used [0x00000000d7000000,0x00000000d719f988,0x00000000d7200000)
  to   space 2560K, 0% used [0x00000000d7300000,0x00000000d7300000,0x00000000d7580000)
 ParOldGen       total 1134080K, used 1134069K [0x0000000080000000, 0x00000000c5380000, 0x00000000d5580000)
  object space 1134080K, 99% used [0x0000000080000000,0x00000000c537d510,0x00000000c5380000)
 Metaspace       used 76737K, committed 78656K, reserved 1179648K
  class space    used 8188K, committed 9024K, reserved 1048576K
}
Event: 241.890 GC heap after
{Heap after GC invocations=901 (full 4):
 PSYoungGen      total 26112K, used 2553K [0x00000000d5580000, 0x00000000d7580000, 0x0000000100000000)
  eden space 23552K, 0% used [0x00000000d5580000,0x00000000d5580000,0x00000000d6c80000)
  from space 2560K, 99% used [0x00000000d7300000,0x00000000d757e4f8,0x00000000d7580000)
  to   space 3072K, 0% used [0x00000000d6f80000,0x00000000d6f80000,0x00000000d7280000)
 ParOldGen       total 1134592K, used 1134229K [0x0000000080000000, 0x00000000c5400000, 0x00000000d5580000)
  object space 1134592K, 99% used [0x0000000080000000,0x00000000c53a5530,0x00000000c5400000)
 Metaspace       used 76737K, committed 78656K, reserved 1179648K
  class space    used 8188K, committed 9024K, reserved 1048576K
}
Event: 243.182 GC heap before
{Heap before GC invocations=902 (full 4):
 PSYoungGen      total 26112K, used 26105K [0x00000000d5580000, 0x00000000d7580000, 0x0000000100000000)
  eden space 23552K, 100% used [0x00000000d5580000,0x00000000d6c80000,0x00000000d6c80000)
  from space 2560K, 99% used [0x00000000d7300000,0x00000000d757e4f8,0x00000000d7580000)
  to   space 3072K, 0% used [0x00000000d6f80000,0x00000000d6f80000,0x00000000d7280000)
 ParOldGen       total 1134592K, used 1134229K [0x0000000080000000, 0x00000000c5400000, 0x00000000d5580000)
  object space 1134592K, 99% used [0x0000000080000000,0x00000000c53a5530,0x00000000c5400000)
 Metaspace       used 76820K, committed 78784K, reserved 1179648K
  class space    used 8191K, committed 9024K, reserved 1048576K
}
Event: 243.187 GC heap after
{Heap after GC invocations=902 (full 4):
 PSYoungGen      total 25088K, used 1486K [0x00000000d5580000, 0x00000000d7380000, 0x0000000100000000)
  eden space 23552K, 0% used [0x00000000d5580000,0x00000000d5580000,0x00000000d6c80000)
  from space 1536K, 96% used [0x00000000d6f80000,0x00000000d70f3b00,0x00000000d7100000)
  to   space 2048K, 0% used [0x00000000d7180000,0x00000000d7180000,0x00000000d7380000)
 ParOldGen       total 1135616K, used 1135551K [0x0000000080000000, 0x00000000c5500000, 0x00000000d5580000)
  object space 1135616K, 99% used [0x0000000080000000,0x00000000c54eff78,0x00000000c5500000)
 Metaspace       used 76820K, committed 78784K, reserved 1179648K
  class space    used 8191K, committed 9024K, reserved 1048576K
}
Event: 251.154 GC heap before
{Heap before GC invocations=903 (full 4):
 PSYoungGen      total 25088K, used 25038K [0x00000000d5580000, 0x00000000d7380000, 0x0000000100000000)
  eden space 23552K, 100% used [0x00000000d5580000,0x00000000d6c80000,0x00000000d6c80000)
  from space 1536K, 96% used [0x00000000d6f80000,0x00000000d70f3b00,0x00000000d7100000)
  to   space 2048K, 0% used [0x00000000d7180000,0x00000000d7180000,0x00000000d7380000)
 ParOldGen       total 1135616K, used 1135551K [0x0000000080000000, 0x00000000c5500000, 0x00000000d5580000)
  object space 1135616K, 99% used [0x0000000080000000,0x00000000c54eff78,0x00000000c5500000)
 Metaspace       used 77761K, committed 79680K, reserved 1179648K
  class space    used 8271K, committed 9088K, reserved 1048576K
}
Event: 251.161 GC heap after
{Heap after GC invocations=903 (full 4):
 PSYoungGen      total 25600K, used 1577K [0x00000000d5580000, 0x00000000d7380000, 0x0000000100000000)
  eden space 23552K, 0% used [0x00000000d5580000,0x00000000d5580000,0x00000000d6c80000)
  from space 2048K, 77% used [0x00000000d7180000,0x00000000d730a400,0x00000000d7380000)
  to   space 2048K, 0% used [0x00000000d6f80000,0x00000000d6f80000,0x00000000d7180000)
 ParOldGen       total 1135616K, used 1135559K [0x0000000080000000, 0x00000000c5500000, 0x00000000d5580000)
  object space 1135616K, 99% used [0x0000000080000000,0x00000000c54f1f78,0x00000000c5500000)
 Metaspace       used 77761K, committed 79680K, reserved 1179648K
  class space    used 8271K, committed 9088K, reserved 1048576K
}
Event: 251.838 GC heap before
{Heap before GC invocations=904 (full 4):
 PSYoungGen      total 25600K, used 25129K [0x00000000d5580000, 0x00000000d7380000, 0x0000000100000000)
  eden space 23552K, 100% used [0x00000000d5580000,0x00000000d6c80000,0x00000000d6c80000)
  from space 2048K, 77% used [0x00000000d7180000,0x00000000d730a400,0x00000000d7380000)
  to   space 2048K, 0% used [0x00000000d6f80000,0x00000000d6f80000,0x00000000d7180000)
 ParOldGen       total 1135616K, used 1135559K [0x0000000080000000, 0x00000000c5500000, 0x00000000d5580000)
  object space 1135616K, 99% used [0x0000000080000000,0x00000000c54f1f78,0x00000000c5500000)
 Metaspace       used 77993K, committed 79872K, reserved 1179648K
  class space    used 8286K, committed 9088K, reserved 1048576K
}
Event: 251.844 GC heap after
{Heap after GC invocations=904 (full 4):
 PSYoungGen      total 25600K, used 2019K [0x00000000d5580000, 0x00000000d8080000, 0x0000000100000000)
  eden space 23552K, 0% used [0x00000000d5580000,0x00000000d5580000,0x00000000d6c80000)
  from space 2048K, 98% used [0x00000000d6f80000,0x00000000d7178eb0,0x00000000d7180000)
  to   space 10240K, 0% used [0x00000000d7680000,0x00000000d7680000,0x00000000d8080000)
 ParOldGen       total 1142784K, used 1142324K [0x0000000080000000, 0x00000000c5c00000, 0x00000000d5580000)
  object space 1142784K, 99% used [0x0000000080000000,0x00000000c5b8d1e0,0x00000000c5c00000)
 Metaspace       used 77993K, committed 79872K, reserved 1179648K
  class space    used 8286K, committed 9088K, reserved 1048576K
}
Event: 252.001 GC heap before
{Heap before GC invocations=905 (full 4):
 PSYoungGen      total 25600K, used 25571K [0x00000000d5580000, 0x00000000d8080000, 0x0000000100000000)
  eden space 23552K, 100% used [0x00000000d5580000,0x00000000d6c80000,0x00000000d6c80000)
  from space 2048K, 98% used [0x00000000d6f80000,0x00000000d7178eb0,0x00000000d7180000)
  to   space 10240K, 0% used [0x00000000d7680000,0x00000000d7680000,0x00000000d8080000)
 ParOldGen       total 1142784K, used 1142324K [0x0000000080000000, 0x00000000c5c00000, 0x00000000d5580000)
  object space 1142784K, 99% used [0x0000000080000000,0x00000000c5b8d1e0,0x00000000c5c00000)
 Metaspace       used 78288K, committed 80192K, reserved 1179648K
  class space    used 8301K, committed 9088K, reserved 1048576K
}
Event: 252.007 GC heap after
{Heap after GC invocations=905 (full 4):
 PSYoungGen      total 25088K, used 1204K [0x00000000d5580000, 0x00000000d7800000, 0x0000000100000000)
  eden space 23552K, 0% used [0x00000000d5580000,0x00000000d5580000,0x00000000d6c80000)
  from space 1536K, 78% used [0x00000000d7680000,0x00000000d77ad200,0x00000000d7800000)
  to   space 4096K, 0% used [0x00000000d7000000,0x00000000d7000000,0x00000000d7400000)
 ParOldGen       total 1142784K, used 1142388K [0x0000000080000000, 0x00000000c5c00000, 0x00000000d5580000)
  object space 1142784K, 99% used [0x0000000080000000,0x00000000c5b9d1e0,0x00000000c5c00000)
 Metaspace       used 78288K, committed 80192K, reserved 1179648K
  class space    used 8301K, committed 9088K, reserved 1048576K
}
Event: 252.117 GC heap before
{Heap before GC invocations=906 (full 4):
 PSYoungGen      total 25088K, used 24756K [0x00000000d5580000, 0x00000000d7800000, 0x0000000100000000)
  eden space 23552K, 100% used [0x00000000d5580000,0x00000000d6c80000,0x00000000d6c80000)
  from space 1536K, 78% used [0x00000000d7680000,0x00000000d77ad200,0x00000000d7800000)
  to   space 4096K, 0% used [0x00000000d7000000,0x00000000d7000000,0x00000000d7400000)
 ParOldGen       total 1142784K, used 1142388K [0x0000000080000000, 0x00000000c5c00000, 0x00000000d5580000)
  object space 1142784K, 99% used [0x0000000080000000,0x00000000c5b9d1e0,0x00000000c5c00000)
 Metaspace       used 78321K, committed 80192K, reserved 1179648K
  class space    used 8301K, committed 9088K, reserved 1048576K
}
Event: 252.121 GC heap after
{Heap after GC invocations=906 (full 4):
 PSYoungGen      total 27648K, used 1695K [0x00000000d5580000, 0x00000000d7700000, 0x0000000100000000)
  eden space 23552K, 0% used [0x00000000d5580000,0x00000000d5580000,0x00000000d6c80000)
  from space 4096K, 41% used [0x00000000d7000000,0x00000000d71a7e00,0x00000000d7400000)
  to   space 2048K, 0% used [0x00000000d7500000,0x00000000d7500000,0x00000000d7700000)
 ParOldGen       total 1142784K, used 1142388K [0x0000000080000000, 0x00000000c5c00000, 0x00000000d5580000)
  object space 1142784K, 99% used [0x0000000080000000,0x00000000c5b9d1e0,0x00000000c5c00000)
 Metaspace       used 78321K, committed 80192K, reserved 1179648K
  class space    used 8301K, committed 9088K, reserved 1048576K
}
Event: 252.209 GC heap before
{Heap before GC invocations=907 (full 4):
 PSYoungGen      total 27648K, used 25247K [0x00000000d5580000, 0x00000000d7700000, 0x0000000100000000)
  eden space 23552K, 100% used [0x00000000d5580000,0x00000000d6c80000,0x00000000d6c80000)
  from space 4096K, 41% used [0x00000000d7000000,0x00000000d71a7e00,0x00000000d7400000)
  to   space 2048K, 0% used [0x00000000d7500000,0x00000000d7500000,0x00000000d7700000)
 ParOldGen       total 1142784K, used 1142388K [0x0000000080000000, 0x00000000c5c00000, 0x00000000d5580000)
  object space 1142784K, 99% used [0x0000000080000000,0x00000000c5b9d1e0,0x00000000c5c00000)
 Metaspace       used 78363K, committed 80256K, reserved 1179648K
  class space    used 8301K, committed 9088K, reserved 1048576K
}
Event: 252.212 GC heap after
{Heap after GC invocations=907 (full 4):
 PSYoungGen      total 25600K, used 1755K [0x00000000d5580000, 0x00000000d7700000, 0x0000000100000000)
  eden space 23552K, 0% used [0x00000000d5580000,0x00000000d5580000,0x00000000d6c80000)
  from space 2048K, 85% used [0x00000000d7500000,0x00000000d76b6f60,0x00000000d7700000)
  to   space 2048K, 0% used [0x00000000d7300000,0x00000000d7300000,0x00000000d7500000)
 ParOldGen       total 1142784K, used 1142388K [0x0000000080000000, 0x00000000c5c00000, 0x00000000d5580000)
  object space 1142784K, 99% used [0x0000000080000000,0x00000000c5b9d1e0,0x00000000c5c00000)
 Metaspace       used 78363K, committed 80256K, reserved 1179648K
  class space    used 8301K, committed 9088K, reserved 1048576K
}
Event: 4061.168 GC heap before
{Heap before GC invocations=908 (full 4):
 PSYoungGen      total 25600K, used 25307K [0x00000000d5580000, 0x00000000d7700000, 0x0000000100000000)
  eden space 23552K, 100% used [0x00000000d5580000,0x00000000d6c80000,0x00000000d6c80000)
  from space 2048K, 85% used [0x00000000d7500000,0x00000000d76b6f60,0x00000000d7700000)
  to   space 2048K, 0% used [0x00000000d7300000,0x00000000d7300000,0x00000000d7500000)
 ParOldGen       total 1142784K, used 1142388K [0x0000000080000000, 0x00000000c5c00000, 0x00000000d5580000)
  object space 1142784K, 99% used [0x0000000080000000,0x00000000c5b9d1e0,0x00000000c5c00000)
 Metaspace       used 78918K, committed 80768K, reserved 1179648K
  class space    used 8348K, committed 9152K, reserved 1048576K
}
Event: 4061.174 GC heap after
{Heap after GC invocations=908 (full 4):
 PSYoungGen      total 25600K, used 2038K [0x00000000d5580000, 0x00000000d7580000, 0x0000000100000000)
  eden space 23552K, 0% used [0x00000000d5580000,0x00000000d5580000,0x00000000d6c80000)
  from space 2048K, 99% used [0x00000000d7300000,0x00000000d74fd8e8,0x00000000d7500000)
  to   space 512K, 0% used [0x00000000d7500000,0x00000000d7500000,0x00000000d7580000)
 ParOldGen       total 1142784K, used 1142728K [0x0000000080000000, 0x00000000c5c00000, 0x00000000d5580000)
  object space 1142784K, 99% used [0x0000000080000000,0x00000000c5bf21f0,0x00000000c5c00000)
 Metaspace       used 78918K, committed 80768K, reserved 1179648K
  class space    used 8348K, committed 9152K, reserved 1048576K
}

