# JRE version: OpenJDK Runtime Environment Temurin-21.0.8+9 (21.0.8+9) (build 21.0.8+9-LTS)
# Java VM: OpenJDK 64-Bit Server VM Temurin-21.0.8+9 (21.0.8+9-LTS, mixed mode, sharing, tiered, compressed oops, compressed class ptrs, parallel gc, windows-amd64)
GC Precious Log:
 CardTable entry size: 512
 CPUs: 12 total, 12 available
 Memory: 15693M
 Large Page Support: Disabled
 NUMA Support: Disabled
 Compressed Oops: Enabled (32-bit)
 Alignments: Space 512K, Generation 512K, Heap 2M
 Heap Min Capacity: 100M
 Heap Initial Capacity: 100M
 Heap Max Capacity: 2G
 Pre-touch: Disabled
 Parallel Workers: 10
Heap:
 PSYoungGen      total 17408K, used 9222K [0x00000000d5580000, 0x00000000d6a80000, 0x0000000100000000)
  eden space 12800K, 41% used [0x00000000d5580000,0x00000000d5ab0c18,0x00000000d6200000)
  from space 4608K, 84% used [0x00000000d6600000,0x00000000d69d0d78,0x00000000d6a80000)
  to   space 4096K, 0% used [0x00000000d6200000,0x00000000d6200000,0x00000000d6600000)
 ParOldGen       total 616960K, used 616662K [0x0000000080000000, 0x00000000a5a80000, 0x00000000d5580000)
  object space 616960K, 99% used [0x0000000080000000,0x00000000a5a359b0,0x00000000a5a80000)
 Metaspace       used 62963K, committed 64384K, reserved 1114112K
  class space    used 6657K, committed 7296K, reserved 1048576K
GC Heap History (20 events):
Event: 15.717 GC heap before
{Heap before GC invocations=584 (full 3):
 PSYoungGen      total 5632K, used 5523K [0x00000000d5580000, 0x00000000d5d80000, 0x0000000100000000)
  eden space 4096K, 100% used [0x00000000d5580000,0x00000000d5980000,0x00000000d5980000)
  from space 1536K, 92% used [0x00000000d5b00000,0x00000000d5c64f58,0x00000000d5c80000)
  to   space 1536K, 0% used [0x00000000d5980000,0x00000000d5980000,0x00000000d5b00000)
 ParOldGen       total 595456K, used 595258K [0x0000000080000000, 0x00000000a4580000, 0x00000000d5580000)
  object space 595456K, 99% used [0x0000000080000000,0x00000000a454eb10,0x00000000a4580000)
 Metaspace       used 62955K, committed 64384K, reserved 1114112K
  class space    used 6657K, committed 7296K, reserved 1048576K
}
Event: 15.719 GC heap after
{Heap after GC invocations=584 (full 3):
 PSYoungGen      total 5632K, used 1332K [0x00000000d5580000, 0x00000000d5d80000, 0x0000000100000000)
  eden space 4096K, 0% used [0x00000000d5580000,0x00000000d5580000,0x00000000d5980000)
  from space 1536K, 86% used [0x00000000d5980000,0x00000000d5acd3c0,0x00000000d5b00000)
  to   space 1536K, 0% used [0x00000000d5c00000,0x00000000d5c00000,0x00000000d5d80000)
 ParOldGen       total 596480K, used 596463K [0x0000000080000000, 0x00000000a4680000, 0x00000000d5580000)
  object space 596480K, 99% used [0x0000000080000000,0x00000000a467bca8,0x00000000a4680000)
 Metaspace       used 62955K, committed 64384K, reserved 1114112K
  class space    used 6657K, committed 7296K, reserved 1048576K
}
Event: 15.725 GC heap before
{Heap before GC invocations=585 (full 3):
 PSYoungGen      total 5632K, used 5428K [0x00000000d5580000, 0x00000000d5d80000, 0x0000000100000000)
  eden space 4096K, 100% used [0x00000000d5580000,0x00000000d5980000,0x00000000d5980000)
  from space 1536K, 86% used [0x00000000d5980000,0x00000000d5acd3c0,0x00000000d5b00000)
  to   space 1536K, 0% used [0x00000000d5c00000,0x00000000d5c00000,0x00000000d5d80000)
 ParOldGen       total 596480K, used 596463K [0x0000000080000000, 0x00000000a4680000, 0x00000000d5580000)
  object space 596480K, 99% used [0x0000000080000000,0x00000000a467bca8,0x00000000a4680000)
 Metaspace       used 62955K, committed 64384K, reserved 1114112K
  class space    used 6657K, committed 7296K, reserved 1048576K
}
Event: 15.727 GC heap after
{Heap after GC invocations=585 (full 3):
 PSYoungGen      total 6656K, used 1279K [0x00000000d5580000, 0x00000000d5d80000, 0x0000000100000000)
  eden space 5120K, 0% used [0x00000000d5580000,0x00000000d5580000,0x00000000d5a80000)
  from space 1536K, 83% used [0x00000000d5c00000,0x00000000d5d3ff68,0x00000000d5d80000)
  to   space 1536K, 0% used [0x00000000d5a80000,0x00000000d5a80000,0x00000000d5c00000)
 ParOldGen       total 598016K, used 597662K [0x0000000080000000, 0x00000000a4800000, 0x00000000d5580000)
  object space 598016K, 99% used [0x0000000080000000,0x00000000a47a7868,0x00000000a4800000)
 Metaspace       used 62955K, committed 64384K, reserved 1114112K
  class space    used 6657K, committed 7296K, reserved 1048576K
}
Event: 15.734 GC heap before
{Heap before GC invocations=586 (full 3):
 PSYoungGen      total 6656K, used 6399K [0x00000000d5580000, 0x00000000d5d80000, 0x0000000100000000)
  eden space 5120K, 99% used [0x00000000d5580000,0x00000000d5a7ff98,0x00000000d5a80000)
  from space 1536K, 83% used [0x00000000d5c00000,0x00000000d5d3ff68,0x00000000d5d80000)
  to   space 1536K, 0% used [0x00000000d5a80000,0x00000000d5a80000,0x00000000d5c00000)
 ParOldGen       total 598016K, used 597662K [0x0000000080000000, 0x00000000a4800000, 0x00000000d5580000)
  object space 598016K, 99% used [0x0000000080000000,0x00000000a47a7868,0x00000000a4800000)
 Metaspace       used 62955K, committed 64384K, reserved 1114112K
  class space    used 6657K, committed 7296K, reserved 1048576K
}
Event: 15.737 GC heap after
{Heap after GC invocations=586 (full 3):
 PSYoungGen      total 6656K, used 1528K [0x00000000d5580000, 0x00000000d6180000, 0x0000000100000000)
  eden space 5120K, 0% used [0x00000000d5580000,0x00000000d5580000,0x00000000d5a80000)
  from space 1536K, 99% used [0x00000000d5a80000,0x00000000d5bfe190,0x00000000d5c00000)
  to   space 3072K, 0% used [0x00000000d5e80000,0x00000000d5e80000,0x00000000d6180000)
 ParOldGen       total 599040K, used 598891K [0x0000000080000000, 0x00000000a4900000, 0x00000000d5580000)
  object space 599040K, 99% used [0x0000000080000000,0x00000000a48daff0,0x00000000a4900000)
 Metaspace       used 62955K, committed 64384K, reserved 1114112K
  class space    used 6657K, committed 7296K, reserved 1048576K
}
Event: 15.743 GC heap before
{Heap before GC invocations=587 (full 3):
 PSYoungGen      total 6656K, used 6645K [0x00000000d5580000, 0x00000000d6180000, 0x0000000100000000)
  eden space 5120K, 99% used [0x00000000d5580000,0x00000000d5a7f3c0,0x00000000d5a80000)
  from space 1536K, 99% used [0x00000000d5a80000,0x00000000d5bfe190,0x00000000d5c00000)
  to   space 3072K, 0% used [0x00000000d5e80000,0x00000000d5e80000,0x00000000d6180000)
 ParOldGen       total 599040K, used 598891K [0x0000000080000000, 0x00000000a4900000, 0x00000000d5580000)
  object space 599040K, 99% used [0x0000000080000000,0x00000000a48daff0,0x00000000a4900000)
 Metaspace       used 62955K, committed 64384K, reserved 1114112K
  class space    used 6657K, committed 7296K, reserved 1048576K
}
Event: 15.745 GC heap after
{Heap after GC invocations=587 (full 3):
 PSYoungGen      total 8192K, used 1758K [0x00000000d5580000, 0x00000000d6080000, 0x0000000100000000)
  eden space 6144K, 0% used [0x00000000d5580000,0x00000000d5580000,0x00000000d5b80000)
  from space 2048K, 85% used [0x00000000d5e80000,0x00000000d6037a40,0x00000000d6080000)
  to   space 2560K, 0% used [0x00000000d5b80000,0x00000000d5b80000,0x00000000d5e00000)
 ParOldGen       total 600576K, used 600320K [0x0000000080000000, 0x00000000a4a80000, 0x00000000d5580000)
  object space 600576K, 99% used [0x0000000080000000,0x00000000a4a403c8,0x00000000a4a80000)
 Metaspace       used 62955K, committed 64384K, reserved 1114112K
  class space    used 6657K, committed 7296K, reserved 1048576K
}
Event: 15.750 GC heap before
{Heap before GC invocations=588 (full 3):
 PSYoungGen      total 8192K, used 7877K [0x00000000d5580000, 0x00000000d6080000, 0x0000000100000000)
  eden space 6144K, 99% used [0x00000000d5580000,0x00000000d5b79b28,0x00000000d5b80000)
  from space 2048K, 85% used [0x00000000d5e80000,0x00000000d6037a40,0x00000000d6080000)
  to   space 2560K, 0% used [0x00000000d5b80000,0x00000000d5b80000,0x00000000d5e00000)
 ParOldGen       total 600576K, used 600320K [0x0000000080000000, 0x00000000a4a80000, 0x00000000d5580000)
  object space 600576K, 99% used [0x0000000080000000,0x00000000a4a403c8,0x00000000a4a80000)
 Metaspace       used 62955K, committed 64384K, reserved 1114112K
  class space    used 6657K, committed 7296K, reserved 1048576K
}
Event: 15.753 GC heap after
{Heap after GC invocations=588 (full 3):
 PSYoungGen      total 8704K, used 2451K [0x00000000d5580000, 0x00000000d6300000, 0x0000000100000000)
  eden space 6144K, 0% used [0x00000000d5580000,0x00000000d5580000,0x00000000d5b80000)
  from space 2560K, 95% used [0x00000000d5b80000,0x00000000d5de4c78,0x00000000d5e00000)
  to   space 3072K, 0% used [0x00000000d6000000,0x00000000d6000000,0x00000000d6300000)
 ParOldGen       total 602112K, used 601906K [0x0000000080000000, 0x00000000a4c00000, 0x00000000d5580000)
  object space 602112K, 99% used [0x0000000080000000,0x00000000a4bcc9a0,0x00000000a4c00000)
 Metaspace       used 62955K, committed 64384K, reserved 1114112K
  class space    used 6657K, committed 7296K, reserved 1048576K
}
Event: 15.761 GC heap before
{Heap before GC invocations=589 (full 3):
 PSYoungGen      total 8704K, used 8543K [0x00000000d5580000, 0x00000000d6300000, 0x0000000100000000)
  eden space 6144K, 99% used [0x00000000d5580000,0x00000000d5b72fd0,0x00000000d5b80000)
  from space 2560K, 95% used [0x00000000d5b80000,0x00000000d5de4c78,0x00000000d5e00000)
  to   space 3072K, 0% used [0x00000000d6000000,0x00000000d6000000,0x00000000d6300000)
 ParOldGen       total 602112K, used 601906K [0x0000000080000000, 0x00000000a4c00000, 0x00000000d5580000)
  object space 602112K, 99% used [0x0000000080000000,0x00000000a4bcc9a0,0x00000000a4c00000)
 Metaspace       used 62955K, committed 64384K, reserved 1114112K
  class space    used 6657K, committed 7296K, reserved 1048576K
}
Event: 15.763 GC heap after
{Heap after GC invocations=589 (full 3):
 PSYoungGen      total 10240K, used 2478K [0x00000000d5580000, 0x00000000d6280000, 0x0000000100000000)
  eden space 7680K, 0% used [0x00000000d5580000,0x00000000d5580000,0x00000000d5d00000)
  from space 2560K, 96% used [0x00000000d6000000,0x00000000d626b838,0x00000000d6280000)
  to   space 2560K, 0% used [0x00000000d5d80000,0x00000000d5d80000,0x00000000d6000000)
 ParOldGen       total 604160K, used 604121K [0x0000000080000000, 0x00000000a4e00000, 0x00000000d5580000)
  object space 604160K, 99% used [0x0000000080000000,0x00000000a4df65d8,0x00000000a4e00000)
 Metaspace       used 62955K, committed 64384K, reserved 1114112K
  class space    used 6657K, committed 7296K, reserved 1048576K
}
Event: 15.770 GC heap before
{Heap before GC invocations=590 (full 3):
 PSYoungGen      total 10240K, used 10140K [0x00000000d5580000, 0x00000000d6280000, 0x0000000100000000)
  eden space 7680K, 99% used [0x00000000d5580000,0x00000000d5cfb800,0x00000000d5d00000)
  from space 2560K, 96% used [0x00000000d6000000,0x00000000d626b838,0x00000000d6280000)
  to   space 2560K, 0% used [0x00000000d5d80000,0x00000000d5d80000,0x00000000d6000000)
 ParOldGen       total 604160K, used 604121K [0x0000000080000000, 0x00000000a4e00000, 0x00000000d5580000)
  object space 604160K, 99% used [0x0000000080000000,0x00000000a4df65d8,0x00000000a4e00000)
 Metaspace       used 62955K, committed 64384K, reserved 1114112K
  class space    used 6657K, committed 7296K, reserved 1048576K
}
Event: 15.773 GC heap after
{Heap after GC invocations=590 (full 3):
 PSYoungGen      total 10752K, used 2551K [0x00000000d5580000, 0x00000000d6a80000, 0x0000000100000000)
  eden space 8192K, 0% used [0x00000000d5580000,0x00000000d5580000,0x00000000d5d80000)
  from space 2560K, 99% used [0x00000000d5d80000,0x00000000d5ffdef8,0x00000000d6000000)
  to   space 6144K, 0% used [0x00000000d6480000,0x00000000d6480000,0x00000000d6a80000)
 ParOldGen       total 607232K, used 606870K [0x0000000080000000, 0x00000000a5100000, 0x00000000d5580000)
  object space 607232K, 99% used [0x0000000080000000,0x00000000a50a5948,0x00000000a5100000)
 Metaspace       used 62955K, committed 64384K, reserved 1114112K
  class space    used 6657K, committed 7296K, reserved 1048576K
}
Event: 15.779 GC heap before
{Heap before GC invocations=591 (full 3):
 PSYoungGen      total 10752K, used 10743K [0x00000000d5580000, 0x00000000d6a80000, 0x0000000100000000)
  eden space 8192K, 100% used [0x00000000d5580000,0x00000000d5d80000,0x00000000d5d80000)
  from space 2560K, 99% used [0x00000000d5d80000,0x00000000d5ffdef8,0x00000000d6000000)
  to   space 6144K, 0% used [0x00000000d6480000,0x00000000d6480000,0x00000000d6a80000)
 ParOldGen       total 607232K, used 606870K [0x0000000080000000, 0x00000000a5100000, 0x00000000d5580000)
  object space 607232K, 99% used [0x0000000080000000,0x00000000a50a5948,0x00000000a5100000)
 Metaspace       used 62955K, committed 64384K, reserved 1114112K
  class space    used 6657K, committed 7296K, reserved 1048576K
}
Event: 15.781 GC heap after
{Heap after GC invocations=591 (full 3):
 PSYoungGen      total 13824K, used 3260K [0x00000000d5580000, 0x00000000d6800000, 0x0000000100000000)
  eden space 10240K, 0% used [0x00000000d5580000,0x00000000d5580000,0x00000000d5f80000)
  from space 3584K, 90% used [0x00000000d6480000,0x00000000d67af308,0x00000000d6800000)
  to   space 4096K, 0% used [0x00000000d6000000,0x00000000d6000000,0x00000000d6400000)
 ParOldGen       total 609280K, used 609265K [0x0000000080000000, 0x00000000a5300000, 0x00000000d5580000)
  object space 609280K, 99% used [0x0000000080000000,0x00000000a52fc780,0x00000000a5300000)
 Metaspace       used 62955K, committed 64384K, reserved 1114112K
  class space    used 6657K, committed 7296K, reserved 1048576K
}
Event: 15.789 GC heap before
{Heap before GC invocations=592 (full 3):
 PSYoungGen      total 13824K, used 13496K [0x00000000d5580000, 0x00000000d6800000, 0x0000000100000000)
  eden space 10240K, 99% used [0x00000000d5580000,0x00000000d5f7efb8,0x00000000d5f80000)
  from space 3584K, 90% used [0x00000000d6480000,0x00000000d67af308,0x00000000d6800000)
  to   space 4096K, 0% used [0x00000000d6000000,0x00000000d6000000,0x00000000d6400000)
 ParOldGen       total 609280K, used 609265K [0x0000000080000000, 0x00000000a5300000, 0x00000000d5580000)
  object space 609280K, 99% used [0x0000000080000000,0x00000000a52fc780,0x00000000a5300000)
 Metaspace       used 62955K, committed 64384K, reserved 1114112K
  class space    used 6657K, committed 7296K, reserved 1048576K
}
Event: 15.793 GC heap after
{Heap after GC invocations=592 (full 3):
 PSYoungGen      total 14848K, used 4093K [0x00000000d5580000, 0x00000000d6a80000, 0x0000000100000000)
  eden space 10752K, 0% used [0x00000000d5580000,0x00000000d5580000,0x00000000d6000000)
  from space 4096K, 99% used [0x00000000d6000000,0x00000000d63ff480,0x00000000d6400000)
  to   space 4608K, 0% used [0x00000000d6600000,0x00000000d6600000,0x00000000d6a80000)
 ParOldGen       total 612864K, used 612744K [0x0000000080000000, 0x00000000a5680000, 0x00000000d5580000)
  object space 612864K, 99% used [0x0000000080000000,0x00000000a5662350,0x00000000a5680000)
 Metaspace       used 62955K, committed 64384K, reserved 1114112K
  class space    used 6657K, committed 7296K, reserved 1048576K
}
Event: 15.805 GC heap before
{Heap before GC invocations=593 (full 3):
 PSYoungGen      total 14848K, used 14845K [0x00000000d5580000, 0x00000000d6a80000, 0x0000000100000000)
  eden space 10752K, 100% used [0x00000000d5580000,0x00000000d6000000,0x00000000d6000000)
  from space 4096K, 99% used [0x00000000d6000000,0x00000000d63ff480,0x00000000d6400000)
  to   space 4608K, 0% used [0x00000000d6600000,0x00000000d6600000,0x00000000d6a80000)
 ParOldGen       total 612864K, used 612744K [0x0000000080000000, 0x00000000a5680000, 0x00000000d5580000)
  object space 612864K, 99% used [0x0000000080000000,0x00000000a5662350,0x00000000a5680000)
 Metaspace       used 62955K, committed 64384K, reserved 1114112K
  class space    used 6657K, committed 7296K, reserved 1048576K
}
Event: 15.808 GC heap after
{Heap after GC invocations=593 (full 3):
 PSYoungGen      total 17408K, used 3907K [0x00000000d5580000, 0x00000000d6a80000, 0x0000000100000000)
  eden space 12800K, 0% used [0x00000000d5580000,0x00000000d5580000,0x00000000d6200000)
  from space 4608K, 84% used [0x00000000d6600000,0x00000000d69d0d78,0x00000000d6a80000)
  to   space 4096K, 0% used [0x00000000d6200000,0x00000000d6200000,0x00000000d6600000)
 ParOldGen       total 616960K, used 616662K [0x0000000080000000, 0x00000000a5a80000, 0x00000000d5580000)
  object space 616960K, 99% used [0x0000000080000000,0x00000000a5a359b0,0x00000000a5a80000)
 Metaspace       used 62955K, committed 64384K, reserved 1114112K
  class space    used 6657K, committed 7296K, reserved 1048576K
}

