# JRE version: OpenJDK Runtime Environment Temurin-21.0.8+9 (21.0.8+9) (build 21.0.8+9-LTS)
# Java VM: OpenJDK 64-Bit Server VM Temurin-21.0.8+9 (21.0.8+9-LTS, mixed mode, sharing, tiered, compressed oops, compressed class ptrs, parallel gc, windows-amd64)
GC Precious Log:
 CardTable entry size: 512
 CPUs: 12 total, 12 available
 Memory: 15693M
 Large Page Support: Disabled
 NUMA Support: Disabled
 Compressed Oops: Enabled (32-bit)
 Alignments: Space 512K, Generation 512K, Heap 2M
 Heap Min Capacity: 100M
 Heap Initial Capacity: 100M
 Heap Max Capacity: 2G
 Pre-touch: Disabled
 Parallel Workers: 10
Heap:
 PSYoungGen      total 6144K, used 5735K [0x00000000d5580000, 0x00000000d5d80000, 0x0000000100000000)
  eden space 4608K, 100% used [0x00000000d5580000,0x00000000d5a00000,0x00000000d5a00000)
  from space 1536K, 73% used [0x00000000d5c00000,0x00000000d5d19fc8,0x00000000d5d80000)
  to   space 1536K, 2% used [0x00000000d5a00000,0x00000000d5a08000,0x00000000d5b80000)
 ParOldGen       total 421888K, used 421831K [0x0000000080000000, 0x0000000099c00000, 0x00000000d5580000)
  object space 421888K, 99% used [0x0000000080000000,0x0000000099bf1e90,0x0000000099c00000)
 Metaspace       used 60599K, committed 61952K, reserved 1114112K
  class space    used 6544K, committed 7104K, reserved 1048576K
GC Heap History (20 events):
Event: 31.539 GC heap after
{Heap after GC invocations=546 (full 3):
 PSYoungGen      total 9216K, used 1937K [0x00000000d5580000, 0x00000000d6080000, 0x0000000100000000)
  eden space 7168K, 0% used [0x00000000d5580000,0x00000000d5580000,0x00000000d5c80000)
  from space 2048K, 94% used [0x00000000d5d00000,0x00000000d5ee4660,0x00000000d5f00000)
  to   space 1536K, 0% used [0x00000000d5f00000,0x00000000d5f00000,0x00000000d6080000)
 ParOldGen       total 408576K, used 408324K [0x0000000080000000, 0x0000000098f00000, 0x00000000d5580000)
  object space 408576K, 99% used [0x0000000080000000,0x0000000098ec1048,0x0000000098f00000)
 Metaspace       used 60260K, committed 61632K, reserved 1114112K
  class space    used 6517K, committed 7104K, reserved 1048576K
}
Event: 31.567 GC heap before
{Heap before GC invocations=547 (full 3):
 PSYoungGen      total 9216K, used 9105K [0x00000000d5580000, 0x00000000d6080000, 0x0000000100000000)
  eden space 7168K, 100% used [0x00000000d5580000,0x00000000d5c80000,0x00000000d5c80000)
  from space 2048K, 94% used [0x00000000d5d00000,0x00000000d5ee4660,0x00000000d5f00000)
  to   space 1536K, 0% used [0x00000000d5f00000,0x00000000d5f00000,0x00000000d6080000)
 ParOldGen       total 408576K, used 408324K [0x0000000080000000, 0x0000000098f00000, 0x00000000d5580000)
  object space 408576K, 99% used [0x0000000080000000,0x0000000098ec1048,0x0000000098f00000)
 Metaspace       used 60260K, committed 61632K, reserved 1114112K
  class space    used 6517K, committed 7104K, reserved 1048576K
}
Event: 31.570 GC heap after
{Heap after GC invocations=547 (full 3):
 PSYoungGen      total 7168K, used 1516K [0x00000000d5580000, 0x00000000d6480000, 0x0000000100000000)
  eden space 5632K, 0% used [0x00000000d5580000,0x00000000d5580000,0x00000000d5b00000)
  from space 1536K, 98% used [0x00000000d5f00000,0x00000000d607b100,0x00000000d6080000)
  to   space 4096K, 0% used [0x00000000d5b00000,0x00000000d5b00000,0x00000000d5f00000)
 ParOldGen       total 410624K, used 410292K [0x0000000080000000, 0x0000000099100000, 0x00000000d5580000)
  object space 410624K, 99% used [0x0000000080000000,0x00000000990ad150,0x0000000099100000)
 Metaspace       used 60260K, committed 61632K, reserved 1114112K
  class space    used 6517K, committed 7104K, reserved 1048576K
}
Event: 31.594 GC heap before
{Heap before GC invocations=548 (full 3):
 PSYoungGen      total 7168K, used 7148K [0x00000000d5580000, 0x00000000d6480000, 0x0000000100000000)
  eden space 5632K, 100% used [0x00000000d5580000,0x00000000d5b00000,0x00000000d5b00000)
  from space 1536K, 98% used [0x00000000d5f00000,0x00000000d607b100,0x00000000d6080000)
  to   space 4096K, 0% used [0x00000000d5b00000,0x00000000d5b00000,0x00000000d5f00000)
 ParOldGen       total 410624K, used 410292K [0x0000000080000000, 0x0000000099100000, 0x00000000d5580000)
  object space 410624K, 99% used [0x0000000080000000,0x00000000990ad150,0x0000000099100000)
 Metaspace       used 60271K, committed 61632K, reserved 1114112K
  class space    used 6517K, committed 7104K, reserved 1048576K
}
Event: 31.598 GC heap after
{Heap after GC invocations=548 (full 3):
 PSYoungGen      total 7168K, used 1366K [0x00000000d5580000, 0x00000000d6000000, 0x0000000100000000)
  eden space 5632K, 0% used [0x00000000d5580000,0x00000000d5580000,0x00000000d5b00000)
  from space 1536K, 88% used [0x00000000d5b00000,0x00000000d5c55ac8,0x00000000d5c80000)
  to   space 2560K, 0% used [0x00000000d5d80000,0x00000000d5d80000,0x00000000d6000000)
 ParOldGen       total 412160K, used 411752K [0x0000000080000000, 0x0000000099280000, 0x00000000d5580000)
  object space 412160K, 99% used [0x0000000080000000,0x000000009921a0d8,0x0000000099280000)
 Metaspace       used 60271K, committed 61632K, reserved 1114112K
  class space    used 6517K, committed 7104K, reserved 1048576K
}
Event: 31.622 GC heap before
{Heap before GC invocations=549 (full 3):
 PSYoungGen      total 7168K, used 6998K [0x00000000d5580000, 0x00000000d6000000, 0x0000000100000000)
  eden space 5632K, 100% used [0x00000000d5580000,0x00000000d5b00000,0x00000000d5b00000)
  from space 1536K, 88% used [0x00000000d5b00000,0x00000000d5c55ac8,0x00000000d5c80000)
  to   space 2560K, 0% used [0x00000000d5d80000,0x00000000d5d80000,0x00000000d6000000)
 ParOldGen       total 412160K, used 411752K [0x0000000080000000, 0x0000000099280000, 0x00000000d5580000)
  object space 412160K, 99% used [0x0000000080000000,0x000000009921a0d8,0x0000000099280000)
 Metaspace       used 60288K, committed 61632K, reserved 1114112K
  class space    used 6517K, committed 7104K, reserved 1048576K
}
Event: 31.626 GC heap after
{Heap after GC invocations=549 (full 3):
 PSYoungGen      total 7168K, used 1417K [0x00000000d5580000, 0x00000000d5f00000, 0x0000000100000000)
  eden space 5632K, 0% used [0x00000000d5580000,0x00000000d5580000,0x00000000d5b00000)
  from space 1536K, 92% used [0x00000000d5d80000,0x00000000d5ee2640,0x00000000d5f00000)
  to   space 1536K, 0% used [0x00000000d5b00000,0x00000000d5b00000,0x00000000d5c80000)
 ParOldGen       total 413184K, used 412958K [0x0000000080000000, 0x0000000099380000, 0x00000000d5580000)
  object space 413184K, 99% used [0x0000000080000000,0x0000000099347aa8,0x0000000099380000)
 Metaspace       used 60288K, committed 61632K, reserved 1114112K
  class space    used 6517K, committed 7104K, reserved 1048576K
}
Event: 31.643 GC heap before
{Heap before GC invocations=550 (full 3):
 PSYoungGen      total 7168K, used 7049K [0x00000000d5580000, 0x00000000d5f00000, 0x0000000100000000)
  eden space 5632K, 100% used [0x00000000d5580000,0x00000000d5b00000,0x00000000d5b00000)
  from space 1536K, 92% used [0x00000000d5d80000,0x00000000d5ee2640,0x00000000d5f00000)
  to   space 1536K, 0% used [0x00000000d5b00000,0x00000000d5b00000,0x00000000d5c80000)
 ParOldGen       total 413184K, used 412958K [0x0000000080000000, 0x0000000099380000, 0x00000000d5580000)
  object space 413184K, 99% used [0x0000000080000000,0x0000000099347aa8,0x0000000099380000)
 Metaspace       used 60316K, committed 61632K, reserved 1114112K
  class space    used 6523K, committed 7104K, reserved 1048576K
}
Event: 31.645 GC heap after
{Heap after GC invocations=550 (full 3):
 PSYoungGen      total 7168K, used 1212K [0x00000000d5580000, 0x00000000d5e00000, 0x0000000100000000)
  eden space 5632K, 0% used [0x00000000d5580000,0x00000000d5580000,0x00000000d5b00000)
  from space 1536K, 78% used [0x00000000d5b00000,0x00000000d5c2f0d0,0x00000000d5c80000)
  to   space 1536K, 0% used [0x00000000d5c80000,0x00000000d5c80000,0x00000000d5e00000)
 ParOldGen       total 414720K, used 414263K [0x0000000080000000, 0x0000000099500000, 0x00000000d5580000)
  object space 414720K, 99% used [0x0000000080000000,0x000000009948dff0,0x0000000099500000)
 Metaspace       used 60316K, committed 61632K, reserved 1114112K
  class space    used 6523K, committed 7104K, reserved 1048576K
}
Event: 31.668 GC heap before
{Heap before GC invocations=551 (full 3):
 PSYoungGen      total 7168K, used 6844K [0x00000000d5580000, 0x00000000d5e00000, 0x0000000100000000)
  eden space 5632K, 100% used [0x00000000d5580000,0x00000000d5b00000,0x00000000d5b00000)
  from space 1536K, 78% used [0x00000000d5b00000,0x00000000d5c2f0d0,0x00000000d5c80000)
  to   space 1536K, 0% used [0x00000000d5c80000,0x00000000d5c80000,0x00000000d5e00000)
 ParOldGen       total 414720K, used 414263K [0x0000000080000000, 0x0000000099500000, 0x00000000d5580000)
  object space 414720K, 99% used [0x0000000080000000,0x000000009948dff0,0x0000000099500000)
 Metaspace       used 60399K, committed 61760K, reserved 1114112K
  class space    used 6534K, committed 7104K, reserved 1048576K
}
Event: 31.670 GC heap after
{Heap after GC invocations=551 (full 3):
 PSYoungGen      total 6656K, used 1498K [0x00000000d5580000, 0x00000000d5f00000, 0x0000000100000000)
  eden space 5120K, 0% used [0x00000000d5580000,0x00000000d5580000,0x00000000d5a80000)
  from space 1536K, 97% used [0x00000000d5c80000,0x00000000d5df69a0,0x00000000d5e00000)
  to   space 2048K, 0% used [0x00000000d5a80000,0x00000000d5a80000,0x00000000d5c80000)
 ParOldGen       total 415744K, used 415321K [0x0000000080000000, 0x0000000099600000, 0x00000000d5580000)
  object space 415744K, 99% used [0x0000000080000000,0x00000000995965e8,0x0000000099600000)
 Metaspace       used 60399K, committed 61760K, reserved 1114112K
  class space    used 6534K, committed 7104K, reserved 1048576K
}
Event: 31.691 GC heap before
{Heap before GC invocations=552 (full 3):
 PSYoungGen      total 6656K, used 6618K [0x00000000d5580000, 0x00000000d5f00000, 0x0000000100000000)
  eden space 5120K, 100% used [0x00000000d5580000,0x00000000d5a80000,0x00000000d5a80000)
  from space 1536K, 97% used [0x00000000d5c80000,0x00000000d5df69a0,0x00000000d5e00000)
  to   space 2048K, 0% used [0x00000000d5a80000,0x00000000d5a80000,0x00000000d5c80000)
 ParOldGen       total 415744K, used 415321K [0x0000000080000000, 0x0000000099600000, 0x00000000d5580000)
  object space 415744K, 99% used [0x0000000080000000,0x00000000995966a0,0x0000000099600000)
 Metaspace       used 60425K, committed 61760K, reserved 1114112K
  class space    used 6534K, committed 7104K, reserved 1048576K
}
Event: 31.694 GC heap after
{Heap after GC invocations=552 (full 3):
 PSYoungGen      total 7168K, used 1212K [0x00000000d5580000, 0x00000000d5e00000, 0x0000000100000000)
  eden space 5120K, 0% used [0x00000000d5580000,0x00000000d5580000,0x00000000d5a80000)
  from space 2048K, 59% used [0x00000000d5a80000,0x00000000d5baf0b0,0x00000000d5c80000)
  to   space 1536K, 0% used [0x00000000d5c80000,0x00000000d5c80000,0x00000000d5e00000)
 ParOldGen       total 416768K, used 416559K [0x0000000080000000, 0x0000000099700000, 0x00000000d5580000)
  object space 416768K, 99% used [0x0000000080000000,0x00000000996cbde8,0x0000000099700000)
 Metaspace       used 60425K, committed 61760K, reserved 1114112K
  class space    used 6534K, committed 7104K, reserved 1048576K
}
Event: 31.709 GC heap before
{Heap before GC invocations=553 (full 3):
 PSYoungGen      total 7168K, used 6332K [0x00000000d5580000, 0x00000000d5e00000, 0x0000000100000000)
  eden space 5120K, 99% used [0x00000000d5580000,0x00000000d5a7fff8,0x00000000d5a80000)
  from space 2048K, 59% used [0x00000000d5a80000,0x00000000d5baf0b0,0x00000000d5c80000)
  to   space 1536K, 0% used [0x00000000d5c80000,0x00000000d5c80000,0x00000000d5e00000)
 ParOldGen       total 416768K, used 416561K [0x0000000080000000, 0x0000000099700000, 0x00000000d5580000)
  object space 416768K, 99% used [0x0000000080000000,0x00000000996cc610,0x0000000099700000)
 Metaspace       used 60470K, committed 61824K, reserved 1114112K
  class space    used 6540K, committed 7104K, reserved 1048576K
}
Event: 31.711 GC heap after
{Heap after GC invocations=553 (full 3):
 PSYoungGen      total 6656K, used 1187K [0x00000000d5580000, 0x00000000d5e00000, 0x0000000100000000)
  eden space 5120K, 0% used [0x00000000d5580000,0x00000000d5580000,0x00000000d5a80000)
  from space 1536K, 77% used [0x00000000d5c80000,0x00000000d5da8dd8,0x00000000d5e00000)
  to   space 1536K, 0% used [0x00000000d5b00000,0x00000000d5b00000,0x00000000d5c80000)
 ParOldGen       total 417792K, used 417646K [0x0000000080000000, 0x0000000099800000, 0x00000000d5580000)
  object space 417792K, 99% used [0x0000000080000000,0x00000000997db810,0x0000000099800000)
 Metaspace       used 60470K, committed 61824K, reserved 1114112K
  class space    used 6540K, committed 7104K, reserved 1048576K
}
Event: 31.732 GC heap before
{Heap before GC invocations=554 (full 3):
 PSYoungGen      total 6656K, used 6307K [0x00000000d5580000, 0x00000000d5e00000, 0x0000000100000000)
  eden space 5120K, 100% used [0x00000000d5580000,0x00000000d5a80000,0x00000000d5a80000)
  from space 1536K, 77% used [0x00000000d5c80000,0x00000000d5da8dd8,0x00000000d5e00000)
  to   space 1536K, 0% used [0x00000000d5b00000,0x00000000d5b00000,0x00000000d5c80000)
 ParOldGen       total 417792K, used 417646K [0x0000000080000000, 0x0000000099800000, 0x00000000d5580000)
  object space 417792K, 99% used [0x0000000080000000,0x00000000997db810,0x0000000099800000)
 Metaspace       used 60476K, committed 61824K, reserved 1114112K
  class space    used 6540K, committed 7104K, reserved 1048576K
}
Event: 31.735 GC heap after
{Heap after GC invocations=554 (full 3):
 PSYoungGen      total 6656K, used 1312K [0x00000000d5580000, 0x00000000d5d80000, 0x0000000100000000)
  eden space 5120K, 0% used [0x00000000d5580000,0x00000000d5580000,0x00000000d5a80000)
  from space 1536K, 85% used [0x00000000d5b00000,0x00000000d5c481f0,0x00000000d5c80000)
  to   space 1024K, 0% used [0x00000000d5c80000,0x00000000d5c80000,0x00000000d5d80000)
 ParOldGen       total 418816K, used 418644K [0x0000000080000000, 0x0000000099900000, 0x00000000d5580000)
  object space 418816K, 99% used [0x0000000080000000,0x00000000998d5398,0x0000000099900000)
 Metaspace       used 60476K, committed 61824K, reserved 1114112K
  class space    used 6540K, committed 7104K, reserved 1048576K
}
Event: 31.748 GC heap before
{Heap before GC invocations=555 (full 3):
 PSYoungGen      total 6656K, used 6432K [0x00000000d5580000, 0x00000000d5d80000, 0x0000000100000000)
  eden space 5120K, 100% used [0x00000000d5580000,0x00000000d5a80000,0x00000000d5a80000)
  from space 1536K, 85% used [0x00000000d5b00000,0x00000000d5c481f0,0x00000000d5c80000)
  to   space 1024K, 0% used [0x00000000d5c80000,0x00000000d5c80000,0x00000000d5d80000)
 ParOldGen       total 418816K, used 418644K [0x0000000080000000, 0x0000000099900000, 0x00000000d5580000)
  object space 418816K, 99% used [0x0000000080000000,0x00000000998d5398,0x0000000099900000)
 Metaspace       used 60504K, committed 61824K, reserved 1114112K
  class space    used 6541K, committed 7104K, reserved 1048576K
}
Event: 31.751 GC heap after
{Heap after GC invocations=555 (full 3):
 PSYoungGen      total 5632K, used 1011K [0x00000000d5580000, 0x00000000d5f80000, 0x0000000100000000)
  eden space 4608K, 0% used [0x00000000d5580000,0x00000000d5580000,0x00000000d5a00000)
  from space 1024K, 98% used [0x00000000d5c80000,0x00000000d5d7cef8,0x00000000d5d80000)
  to   space 2560K, 0% used [0x00000000d5a00000,0x00000000d5a00000,0x00000000d5c80000)
 ParOldGen       total 420352K, used 419878K [0x0000000080000000, 0x0000000099a80000, 0x00000000d5580000)
  object space 420352K, 99% used [0x0000000080000000,0x0000000099a09828,0x0000000099a80000)
 Metaspace       used 60504K, committed 61824K, reserved 1114112K
  class space    used 6541K, committed 7104K, reserved 1048576K
}
Event: 31.768 GC heap before
{Heap before GC invocations=556 (full 3):
 PSYoungGen      total 5632K, used 5619K [0x00000000d5580000, 0x00000000d5f80000, 0x0000000100000000)
  eden space 4608K, 100% used [0x00000000d5580000,0x00000000d5a00000,0x00000000d5a00000)
  from space 1024K, 98% used [0x00000000d5c80000,0x00000000d5d7cef8,0x00000000d5d80000)
  to   space 2560K, 0% used [0x00000000d5a00000,0x00000000d5a00000,0x00000000d5c80000)
 ParOldGen       total 420352K, used 419878K [0x0000000080000000, 0x0000000099a80000, 0x00000000d5580000)
  object space 420352K, 99% used [0x0000000080000000,0x0000000099a09828,0x0000000099a80000)
 Metaspace       used 60569K, committed 61888K, reserved 1114112K
  class space    used 6544K, committed 7104K, reserved 1048576K
}

