# JRE version: OpenJDK Runtime Environment Temurin-21.0.8+9 (21.0.8+9) (build 21.0.8+9-LTS)
# Java VM: OpenJDK 64-Bit Server VM Temurin-21.0.8+9 (21.0.8+9-LTS, mixed mode, sharing, tiered, compressed oops, compressed class ptrs, parallel gc, windows-amd64)
GC Precious Log:
 CardTable entry size: 512
 CPUs: 12 total, 12 available
 Memory: 15693M
 Large Page Support: Disabled
 NUMA Support: Disabled
 Compressed Oops: Enabled (32-bit)
 Alignments: Space 512K, Generation 512K, Heap 2M
 Heap Min Capacity: 100M
 Heap Initial Capacity: 100M
 Heap Max Capacity: 2G
 Pre-touch: Disabled
 Parallel Workers: 10
Heap:
 PSYoungGen      total 4096K, used 3060K [0x00000000d5580000, 0x00000000d5b00000, 0x0000000100000000)
  eden space 3584K, 71% used [0x00000000d5580000,0x00000000d5804b60,0x00000000d5900000)
  from space 512K, 94% used [0x00000000d5a00000,0x00000000d5a78748,0x00000000d5a80000)
  to   space 512K, 0% used [0x00000000d5a80000,0x00000000d5a80000,0x00000000d5b00000)
 ParOldGen       total 701440K, used 701203K [0x0000000080000000, 0x00000000aad00000, 0x00000000d5580000)
  object space 701440K, 99% used [0x0000000080000000,0x00000000aacc4ed8,0x00000000aad00000)
 Metaspace       used 63246K, committed 64704K, reserved 1114112K
  class space    used 6660K, committed 7296K, reserved 1048576K
GC Heap History (20 events):
Event: 28.569 GC heap before
{Heap before GC invocations=1145 (full 4):
 PSYoungGen      total 6656K, used 6144K [0x00000000d5580000, 0x00000000d5d00000, 0x0000000100000000)
  eden space 5632K, 100% used [0x00000000d5580000,0x00000000d5b00000,0x00000000d5b00000)
  from space 1024K, 50% used [0x00000000d5c00000,0x00000000d5c80000,0x00000000d5d00000)
  to   space 1024K, 0% used [0x00000000d5b00000,0x00000000d5b00000,0x00000000d5c00000)
 ParOldGen       total 688128K, used 687882K [0x0000000080000000, 0x00000000aa000000, 0x00000000d5580000)
  object space 688128K, 99% used [0x0000000080000000,0x00000000a9fc2bf8,0x00000000aa000000)
 Metaspace       used 63246K, committed 64704K, reserved 1114112K
  class space    used 6660K, committed 7296K, reserved 1048576K
}
Event: 28.571 GC heap after
{Heap after GC invocations=1145 (full 4):
 PSYoungGen      total 6656K, used 736K [0x00000000d5580000, 0x00000000d5d00000, 0x0000000100000000)
  eden space 5632K, 0% used [0x00000000d5580000,0x00000000d5580000,0x00000000d5b00000)
  from space 1024K, 71% used [0x00000000d5b00000,0x00000000d5bb8000,0x00000000d5c00000)
  to   space 1024K, 0% used [0x00000000d5c00000,0x00000000d5c00000,0x00000000d5d00000)
 ParOldGen       total 688640K, used 688218K [0x0000000080000000, 0x00000000aa080000, 0x00000000d5580000)
  object space 688640K, 99% used [0x0000000080000000,0x00000000aa016bf8,0x00000000aa080000)
 Metaspace       used 63246K, committed 64704K, reserved 1114112K
  class space    used 6660K, committed 7296K, reserved 1048576K
}
Event: 28.590 GC heap before
{Heap before GC invocations=1146 (full 4):
 PSYoungGen      total 6656K, used 6368K [0x00000000d5580000, 0x00000000d5d00000, 0x0000000100000000)
  eden space 5632K, 100% used [0x00000000d5580000,0x00000000d5b00000,0x00000000d5b00000)
  from space 1024K, 71% used [0x00000000d5b00000,0x00000000d5bb8000,0x00000000d5c00000)
  to   space 1024K, 0% used [0x00000000d5c00000,0x00000000d5c00000,0x00000000d5d00000)
 ParOldGen       total 688640K, used 688218K [0x0000000080000000, 0x00000000aa080000, 0x00000000d5580000)
  object space 688640K, 99% used [0x0000000080000000,0x00000000aa016bf8,0x00000000aa080000)
 Metaspace       used 63246K, committed 64704K, reserved 1114112K
  class space    used 6660K, committed 7296K, reserved 1048576K
}
Event: 28.592 GC heap after
{Heap after GC invocations=1146 (full 4):
 PSYoungGen      total 6656K, used 672K [0x00000000d5580000, 0x00000000d5d00000, 0x0000000100000000)
  eden space 5632K, 0% used [0x00000000d5580000,0x00000000d5580000,0x00000000d5b00000)
  from space 1024K, 65% used [0x00000000d5c00000,0x00000000d5ca8000,0x00000000d5d00000)
  to   space 1024K, 0% used [0x00000000d5b00000,0x00000000d5b00000,0x00000000d5c00000)
 ParOldGen       total 690176K, used 689715K [0x0000000080000000, 0x00000000aa200000, 0x00000000d5580000)
  object space 690176K, 99% used [0x0000000080000000,0x00000000aa18cc00,0x00000000aa200000)
 Metaspace       used 63246K, committed 64704K, reserved 1114112K
  class space    used 6660K, committed 7296K, reserved 1048576K
}
Event: 28.603 GC heap before
{Heap before GC invocations=1147 (full 4):
 PSYoungGen      total 6656K, used 6304K [0x00000000d5580000, 0x00000000d5d00000, 0x0000000100000000)
  eden space 5632K, 100% used [0x00000000d5580000,0x00000000d5b00000,0x00000000d5b00000)
  from space 1024K, 65% used [0x00000000d5c00000,0x00000000d5ca8000,0x00000000d5d00000)
  to   space 1024K, 0% used [0x00000000d5b00000,0x00000000d5b00000,0x00000000d5c00000)
 ParOldGen       total 690176K, used 689715K [0x0000000080000000, 0x00000000aa200000, 0x00000000d5580000)
  object space 690176K, 99% used [0x0000000080000000,0x00000000aa18cc00,0x00000000aa200000)
 Metaspace       used 63246K, committed 64704K, reserved 1114112K
  class space    used 6660K, committed 7296K, reserved 1048576K
}
Event: 28.605 GC heap after
{Heap after GC invocations=1147 (full 4):
 PSYoungGen      total 6656K, used 732K [0x00000000d5580000, 0x00000000d5d00000, 0x0000000100000000)
  eden space 5632K, 0% used [0x00000000d5580000,0x00000000d5580000,0x00000000d5b00000)
  from space 1024K, 71% used [0x00000000d5b00000,0x00000000d5bb7100,0x00000000d5c00000)
  to   space 1024K, 0% used [0x00000000d5c00000,0x00000000d5c00000,0x00000000d5d00000)
 ParOldGen       total 690688K, used 690259K [0x0000000080000000, 0x00000000aa280000, 0x00000000d5580000)
  object space 690688K, 99% used [0x0000000080000000,0x00000000aa214c00,0x00000000aa280000)
 Metaspace       used 63246K, committed 64704K, reserved 1114112K
  class space    used 6660K, committed 7296K, reserved 1048576K
}
Event: 28.622 GC heap before
{Heap before GC invocations=1148 (full 4):
 PSYoungGen      total 6656K, used 6326K [0x00000000d5580000, 0x00000000d5d00000, 0x0000000100000000)
  eden space 5632K, 99% used [0x00000000d5580000,0x00000000d5af69c0,0x00000000d5b00000)
  from space 1024K, 71% used [0x00000000d5b00000,0x00000000d5bb7100,0x00000000d5c00000)
  to   space 1024K, 0% used [0x00000000d5c00000,0x00000000d5c00000,0x00000000d5d00000)
 ParOldGen       total 690688K, used 690259K [0x0000000080000000, 0x00000000aa280000, 0x00000000d5580000)
  object space 690688K, 99% used [0x0000000080000000,0x00000000aa214c00,0x00000000aa280000)
 Metaspace       used 63246K, committed 64704K, reserved 1114112K
  class space    used 6660K, committed 7296K, reserved 1048576K
}
Event: 28.625 GC heap after
{Heap after GC invocations=1148 (full 4):
 PSYoungGen      total 4608K, used 1022K [0x00000000d5580000, 0x00000000d6100000, 0x0000000100000000)
  eden space 3584K, 0% used [0x00000000d5580000,0x00000000d5580000,0x00000000d5900000)
  from space 1024K, 99% used [0x00000000d5c00000,0x00000000d5cffa10,0x00000000d5d00000)
  to   space 3072K, 0% used [0x00000000d5900000,0x00000000d5900000,0x00000000d5c00000)
 ParOldGen       total 691712K, used 691594K [0x0000000080000000, 0x00000000aa380000, 0x00000000d5580000)
  object space 691712K, 99% used [0x0000000080000000,0x00000000aa362b00,0x00000000aa380000)
 Metaspace       used 63246K, committed 64704K, reserved 1114112K
  class space    used 6660K, committed 7296K, reserved 1048576K
}
Event: 28.659 GC heap before
{Heap before GC invocations=1149 (full 4):
 PSYoungGen      total 4608K, used 4606K [0x00000000d5580000, 0x00000000d6100000, 0x0000000100000000)
  eden space 3584K, 100% used [0x00000000d5580000,0x00000000d5900000,0x00000000d5900000)
  from space 1024K, 99% used [0x00000000d5c00000,0x00000000d5cffa10,0x00000000d5d00000)
  to   space 3072K, 0% used [0x00000000d5900000,0x00000000d5900000,0x00000000d5c00000)
 ParOldGen       total 691712K, used 691594K [0x0000000080000000, 0x00000000aa380000, 0x00000000d5580000)
  object space 691712K, 99% used [0x0000000080000000,0x00000000aa362b00,0x00000000aa380000)
 Metaspace       used 63246K, committed 64704K, reserved 1114112K
  class space    used 6660K, committed 7296K, reserved 1048576K
}
Event: 28.662 GC heap after
{Heap after GC invocations=1149 (full 4):
 PSYoungGen      total 6656K, used 3042K [0x00000000d5580000, 0x00000000d6200000, 0x0000000100000000)
  eden space 3584K, 0% used [0x00000000d5580000,0x00000000d5580000,0x00000000d5900000)
  from space 3072K, 99% used [0x00000000d5900000,0x00000000d5bf8800,0x00000000d5c00000)
  to   space 4608K, 0% used [0x00000000d5d80000,0x00000000d5d80000,0x00000000d6200000)
 ParOldGen       total 692736K, used 692468K [0x0000000080000000, 0x00000000aa480000, 0x00000000d5580000)
  object space 692736K, 99% used [0x0000000080000000,0x00000000aa43d120,0x00000000aa480000)
 Metaspace       used 63246K, committed 64704K, reserved 1114112K
  class space    used 6660K, committed 7296K, reserved 1048576K
}
Event: 28.709 GC heap before
{Heap before GC invocations=1150 (full 4):
 PSYoungGen      total 6656K, used 6626K [0x00000000d5580000, 0x00000000d6200000, 0x0000000100000000)
  eden space 3584K, 100% used [0x00000000d5580000,0x00000000d5900000,0x00000000d5900000)
  from space 3072K, 99% used [0x00000000d5900000,0x00000000d5bf8800,0x00000000d5c00000)
  to   space 4608K, 0% used [0x00000000d5d80000,0x00000000d5d80000,0x00000000d6200000)
 ParOldGen       total 692736K, used 692468K [0x0000000080000000, 0x00000000aa480000, 0x00000000d5580000)
  object space 692736K, 99% used [0x0000000080000000,0x00000000aa43d120,0x00000000aa480000)
 Metaspace       used 63246K, committed 64704K, reserved 1114112K
  class space    used 6660K, committed 7296K, reserved 1048576K
}
Event: 28.714 GC heap after
{Heap after GC invocations=1150 (full 4):
 PSYoungGen      total 7680K, used 3703K [0x00000000d5580000, 0x00000000d6180000, 0x0000000100000000)
  eden space 3584K, 0% used [0x00000000d5580000,0x00000000d5580000,0x00000000d5900000)
  from space 4096K, 90% used [0x00000000d5d80000,0x00000000d611df10,0x00000000d6180000)
  to   space 4096K, 0% used [0x00000000d5980000,0x00000000d5980000,0x00000000d5d80000)
 ParOldGen       total 694784K, used 694562K [0x0000000080000000, 0x00000000aa680000, 0x00000000d5580000)
  object space 694784K, 99% used [0x0000000080000000,0x00000000aa648a60,0x00000000aa680000)
 Metaspace       used 63246K, committed 64704K, reserved 1114112K
  class space    used 6660K, committed 7296K, reserved 1048576K
}
Event: 28.799 GC heap before
{Heap before GC invocations=1151 (full 4):
 PSYoungGen      total 7680K, used 7287K [0x00000000d5580000, 0x00000000d6180000, 0x0000000100000000)
  eden space 3584K, 100% used [0x00000000d5580000,0x00000000d5900000,0x00000000d5900000)
  from space 4096K, 90% used [0x00000000d5d80000,0x00000000d611df10,0x00000000d6180000)
  to   space 4096K, 0% used [0x00000000d5980000,0x00000000d5980000,0x00000000d5d80000)
 ParOldGen       total 694784K, used 694562K [0x0000000080000000, 0x00000000aa680000, 0x00000000d5580000)
  object space 694784K, 99% used [0x0000000080000000,0x00000000aa648a60,0x00000000aa680000)
 Metaspace       used 63246K, committed 64704K, reserved 1114112K
  class space    used 6660K, committed 7296K, reserved 1048576K
}
Event: 28.803 GC heap after
{Heap after GC invocations=1151 (full 4):
 PSYoungGen      total 5632K, used 1591K [0x00000000d5580000, 0x00000000d5e00000, 0x0000000100000000)
  eden space 3584K, 0% used [0x00000000d5580000,0x00000000d5580000,0x00000000d5900000)
  from space 2048K, 77% used [0x00000000d5980000,0x00000000d5b0df30,0x00000000d5b80000)
  to   space 2560K, 0% used [0x00000000d5b80000,0x00000000d5b80000,0x00000000d5e00000)
 ParOldGen       total 697856K, used 697696K [0x0000000080000000, 0x00000000aa980000, 0x00000000d5580000)
  object space 697856K, 99% used [0x0000000080000000,0x00000000aa958248,0x00000000aa980000)
 Metaspace       used 63246K, committed 64704K, reserved 1114112K
  class space    used 6660K, committed 7296K, reserved 1048576K
}
Event: 28.814 GC heap before
{Heap before GC invocations=1152 (full 4):
 PSYoungGen      total 5632K, used 5175K [0x00000000d5580000, 0x00000000d5e00000, 0x0000000100000000)
  eden space 3584K, 100% used [0x00000000d5580000,0x00000000d5900000,0x00000000d5900000)
  from space 2048K, 77% used [0x00000000d5980000,0x00000000d5b0df30,0x00000000d5b80000)
  to   space 2560K, 0% used [0x00000000d5b80000,0x00000000d5b80000,0x00000000d5e00000)
 ParOldGen       total 697856K, used 697696K [0x0000000080000000, 0x00000000aa980000, 0x00000000d5580000)
  object space 697856K, 99% used [0x0000000080000000,0x00000000aa958248,0x00000000aa980000)
 Metaspace       used 63246K, committed 64704K, reserved 1114112K
  class space    used 6660K, committed 7296K, reserved 1048576K
}
Event: 28.816 GC heap after
{Heap after GC invocations=1152 (full 4):
 PSYoungGen      total 4096K, used 507K [0x00000000d5580000, 0x00000000d5c00000, 0x0000000100000000)
  eden space 3584K, 0% used [0x00000000d5580000,0x00000000d5580000,0x00000000d5900000)
  from space 512K, 99% used [0x00000000d5b80000,0x00000000d5bfec08,0x00000000d5c00000)
  to   space 1536K, 0% used [0x00000000d5900000,0x00000000d5900000,0x00000000d5a80000)
 ParOldGen       total 699392K, used 699158K [0x0000000080000000, 0x00000000aab00000, 0x00000000d5580000)
  object space 699392K, 99% used [0x0000000080000000,0x00000000aaac58c0,0x00000000aab00000)
 Metaspace       used 63246K, committed 64704K, reserved 1114112K
  class space    used 6660K, committed 7296K, reserved 1048576K
}
Event: 28.825 GC heap before
{Heap before GC invocations=1153 (full 4):
 PSYoungGen      total 4096K, used 4077K [0x00000000d5580000, 0x00000000d5c00000, 0x0000000100000000)
  eden space 3584K, 99% used [0x00000000d5580000,0x00000000d58fcb80,0x00000000d5900000)
  from space 512K, 99% used [0x00000000d5b80000,0x00000000d5bfec08,0x00000000d5c00000)
  to   space 1536K, 0% used [0x00000000d5900000,0x00000000d5900000,0x00000000d5a80000)
 ParOldGen       total 699392K, used 699158K [0x0000000080000000, 0x00000000aab00000, 0x00000000d5580000)
  object space 699392K, 99% used [0x0000000080000000,0x00000000aaac58c0,0x00000000aab00000)
 Metaspace       used 63246K, committed 64704K, reserved 1114112K
  class space    used 6660K, committed 7296K, reserved 1048576K
}
Event: 28.827 GC heap after
{Heap after GC invocations=1153 (full 4):
 PSYoungGen      total 5120K, used 519K [0x00000000d5580000, 0x00000000d5c00000, 0x0000000100000000)
  eden space 3584K, 0% used [0x00000000d5580000,0x00000000d5580000,0x00000000d5900000)
  from space 1536K, 33% used [0x00000000d5900000,0x00000000d5981e78,0x00000000d5a80000)
  to   space 1024K, 0% used [0x00000000d5b00000,0x00000000d5b00000,0x00000000d5c00000)
 ParOldGen       total 699904K, used 699561K [0x0000000080000000, 0x00000000aab80000, 0x00000000d5580000)
  object space 699904K, 99% used [0x0000000080000000,0x00000000aab2a4c8,0x00000000aab80000)
 Metaspace       used 63246K, committed 64704K, reserved 1114112K
  class space    used 6660K, committed 7296K, reserved 1048576K
}
Event: 28.835 GC heap before
{Heap before GC invocations=1154 (full 4):
 PSYoungGen      total 5120K, used 4103K [0x00000000d5580000, 0x00000000d5c00000, 0x0000000100000000)
  eden space 3584K, 100% used [0x00000000d5580000,0x00000000d5900000,0x00000000d5900000)
  from space 1536K, 33% used [0x00000000d5900000,0x00000000d5981e78,0x00000000d5a80000)
  to   space 1024K, 0% used [0x00000000d5b00000,0x00000000d5b00000,0x00000000d5c00000)
 ParOldGen       total 699904K, used 699561K [0x0000000080000000, 0x00000000aab80000, 0x00000000d5580000)
  object space 699904K, 99% used [0x0000000080000000,0x00000000aab2a4c8,0x00000000aab80000)
 Metaspace       used 63246K, committed 64704K, reserved 1114112K
  class space    used 6660K, committed 7296K, reserved 1048576K
}
Event: 28.837 GC heap after
{Heap after GC invocations=1154 (full 4):
 PSYoungGen      total 4608K, used 534K [0x00000000d5580000, 0x00000000d5c00000, 0x0000000100000000)
  eden space 3584K, 0% used [0x00000000d5580000,0x00000000d5580000,0x00000000d5900000)
  from space 1024K, 52% used [0x00000000d5b00000,0x00000000d5b85808,0x00000000d5c00000)
  to   space 1024K, 0% used [0x00000000d5a00000,0x00000000d5a00000,0x00000000d5b00000)
 ParOldGen       total 699904K, used 699881K [0x0000000080000000, 0x00000000aab80000, 0x00000000d5580000)
  object space 699904K, 99% used [0x0000000080000000,0x00000000aab7a4c8,0x00000000aab80000)
 Metaspace       used 63246K, committed 64704K, reserved 1114112K
  class space    used 6660K, committed 7296K, reserved 1048576K
}

