# JRE version: OpenJDK Runtime Environment Temurin-21.0.8+9 (21.0.8+9) (build 21.0.8+9-LTS)
# Java VM: OpenJDK 64-Bit Server VM Temurin-21.0.8+9 (21.0.8+9-LTS, mixed mode, sharing, tiered, compressed oops, compressed class ptrs, parallel gc, windows-amd64)
GC Precious Log:
 CardTable entry size: 512
 CPUs: 12 total, 12 available
 Memory: 15693M
 Large Page Support: Disabled
 NUMA Support: Disabled
 Compressed Oops: Enabled (32-bit)
 Alignments: Space 512K, Generation 512K, Heap 2M
 Heap Min Capacity: 100M
 Heap Initial Capacity: 100M
 Heap Max Capacity: 2G
 Pre-touch: Disabled
 Parallel Workers: 10
Heap:
 PSYoungGen      total 8704K, used 7045K [0x00000000d5580000, 0x00000000d5f00000, 0x0000000100000000)
  eden space 7680K, 78% used [0x00000000d5580000,0x00000000d5b62960,0x00000000d5d00000)
  from space 1024K, 99% used [0x00000000d5d00000,0x00000000d5dfed90,0x00000000d5e00000)
  to   space 1024K, 0% used [0x00000000d5e00000,0x00000000d5e00000,0x00000000d5f00000)
 ParOldGen       total 601088K, used 600593K [0x0000000080000000, 0x00000000a4b00000, 0x00000000d5580000)
  object space 601088K, 99% used [0x0000000080000000,0x00000000a4a846b8,0x00000000a4b00000)
 Metaspace       used 63446K, committed 64960K, reserved 1114112K
  class space    used 6672K, committed 7360K, reserved 1048576K
GC Heap History (20 events):
Event: 21.965 GC heap before
{Heap before GC invocations=794 (full 4):
 PSYoungGen      total 9216K, used 8740K [0x00000000d5580000, 0x00000000d6000000, 0x0000000100000000)
  eden space 7680K, 97% used [0x00000000d5580000,0x00000000d5cd9018,0x00000000d5d00000)
  from space 1536K, 79% used [0x00000000d5d00000,0x00000000d5e30000,0x00000000d5e80000)
  to   space 1536K, 0% used [0x00000000d5e80000,0x00000000d5e80000,0x00000000d6000000)
 ParOldGen       total 590848K, used 590731K [0x0000000080000000, 0x00000000a4100000, 0x00000000d5580000)
  object space 590848K, 99% used [0x0000000080000000,0x00000000a40e2ee8,0x00000000a4100000)
 Metaspace       used 63446K, committed 64960K, reserved 1114112K
  class space    used 6672K, committed 7360K, reserved 1048576K
}
Event: 21.967 GC heap after
{Heap after GC invocations=794 (full 4):
 PSYoungGen      total 9216K, used 1088K [0x00000000d5580000, 0x00000000d6000000, 0x0000000100000000)
  eden space 7680K, 0% used [0x00000000d5580000,0x00000000d5580000,0x00000000d5d00000)
  from space 1536K, 70% used [0x00000000d5e80000,0x00000000d5f900c0,0x00000000d6000000)
  to   space 1536K, 0% used [0x00000000d5d00000,0x00000000d5d00000,0x00000000d5e80000)
 ParOldGen       total 591872K, used 591803K [0x0000000080000000, 0x00000000a4200000, 0x00000000d5580000)
  object space 591872K, 99% used [0x0000000080000000,0x00000000a41eeee8,0x00000000a4200000)
 Metaspace       used 63446K, committed 64960K, reserved 1114112K
  class space    used 6672K, committed 7360K, reserved 1048576K
}
Event: 21.982 GC heap before
{Heap before GC invocations=795 (full 4):
 PSYoungGen      total 9216K, used 8768K [0x00000000d5580000, 0x00000000d6000000, 0x0000000100000000)
  eden space 7680K, 99% used [0x00000000d5580000,0x00000000d5cfffd0,0x00000000d5d00000)
  from space 1536K, 70% used [0x00000000d5e80000,0x00000000d5f900c0,0x00000000d6000000)
  to   space 1536K, 0% used [0x00000000d5d00000,0x00000000d5d00000,0x00000000d5e80000)
 ParOldGen       total 591872K, used 591803K [0x0000000080000000, 0x00000000a4200000, 0x00000000d5580000)
  object space 591872K, 99% used [0x0000000080000000,0x00000000a41eeee8,0x00000000a4200000)
 Metaspace       used 63446K, committed 64960K, reserved 1114112K
  class space    used 6672K, committed 7360K, reserved 1048576K
}
Event: 21.983 GC heap after
{Heap after GC invocations=795 (full 4):
 PSYoungGen      total 9216K, used 1088K [0x00000000d5580000, 0x00000000d6000000, 0x0000000100000000)
  eden space 7680K, 0% used [0x00000000d5580000,0x00000000d5580000,0x00000000d5d00000)
  from space 1536K, 70% used [0x00000000d5d00000,0x00000000d5e10000,0x00000000d5e80000)
  to   space 1536K, 0% used [0x00000000d5e80000,0x00000000d5e80000,0x00000000d6000000)
 ParOldGen       total 592896K, used 592579K [0x0000000080000000, 0x00000000a4300000, 0x00000000d5580000)
  object space 592896K, 99% used [0x0000000080000000,0x00000000a42b0ee8,0x00000000a4300000)
 Metaspace       used 63446K, committed 64960K, reserved 1114112K
  class space    used 6672K, committed 7360K, reserved 1048576K
}
Event: 21.998 GC heap before
{Heap before GC invocations=796 (full 4):
 PSYoungGen      total 9216K, used 8768K [0x00000000d5580000, 0x00000000d6000000, 0x0000000100000000)
  eden space 7680K, 100% used [0x00000000d5580000,0x00000000d5d00000,0x00000000d5d00000)
  from space 1536K, 70% used [0x00000000d5d00000,0x00000000d5e10000,0x00000000d5e80000)
  to   space 1536K, 0% used [0x00000000d5e80000,0x00000000d5e80000,0x00000000d6000000)
 ParOldGen       total 592896K, used 592579K [0x0000000080000000, 0x00000000a4300000, 0x00000000d5580000)
  object space 592896K, 99% used [0x0000000080000000,0x00000000a42b0ee8,0x00000000a4300000)
 Metaspace       used 63446K, committed 64960K, reserved 1114112K
  class space    used 6672K, committed 7360K, reserved 1048576K
}
Event: 21.999 GC heap after
{Heap after GC invocations=796 (full 4):
 PSYoungGen      total 9216K, used 992K [0x00000000d5580000, 0x00000000d6000000, 0x0000000100000000)
  eden space 7680K, 0% used [0x00000000d5580000,0x00000000d5580000,0x00000000d5d00000)
  from space 1536K, 64% used [0x00000000d5e80000,0x00000000d5f78000,0x00000000d6000000)
  to   space 1536K, 0% used [0x00000000d5d00000,0x00000000d5d00000,0x00000000d5e80000)
 ParOldGen       total 593920K, used 593563K [0x0000000080000000, 0x00000000a4400000, 0x00000000d5580000)
  object space 593920K, 99% used [0x0000000080000000,0x00000000a43a6ee8,0x00000000a4400000)
 Metaspace       used 63446K, committed 64960K, reserved 1114112K
  class space    used 6672K, committed 7360K, reserved 1048576K
}
Event: 22.013 GC heap before
{Heap before GC invocations=797 (full 4):
 PSYoungGen      total 9216K, used 8672K [0x00000000d5580000, 0x00000000d6000000, 0x0000000100000000)
  eden space 7680K, 100% used [0x00000000d5580000,0x00000000d5d00000,0x00000000d5d00000)
  from space 1536K, 64% used [0x00000000d5e80000,0x00000000d5f78000,0x00000000d6000000)
  to   space 1536K, 0% used [0x00000000d5d00000,0x00000000d5d00000,0x00000000d5e80000)
 ParOldGen       total 593920K, used 593563K [0x0000000080000000, 0x00000000a4400000, 0x00000000d5580000)
  object space 593920K, 99% used [0x0000000080000000,0x00000000a43a6ee8,0x00000000a4400000)
 Metaspace       used 63446K, committed 64960K, reserved 1114112K
  class space    used 6672K, committed 7360K, reserved 1048576K
}
Event: 22.014 GC heap after
{Heap after GC invocations=797 (full 4):
 PSYoungGen      total 9216K, used 1056K [0x00000000d5580000, 0x00000000d6000000, 0x0000000100000000)
  eden space 7680K, 0% used [0x00000000d5580000,0x00000000d5580000,0x00000000d5d00000)
  from space 1536K, 68% used [0x00000000d5d00000,0x00000000d5e08000,0x00000000d5e80000)
  to   space 1536K, 0% used [0x00000000d5e80000,0x00000000d5e80000,0x00000000d6000000)
 ParOldGen       total 594432K, used 594427K [0x0000000080000000, 0x00000000a4480000, 0x00000000d5580000)
  object space 594432K, 99% used [0x0000000080000000,0x00000000a447eee8,0x00000000a4480000)
 Metaspace       used 63446K, committed 64960K, reserved 1114112K
  class space    used 6672K, committed 7360K, reserved 1048576K
}
Event: 22.029 GC heap before
{Heap before GC invocations=798 (full 4):
 PSYoungGen      total 9216K, used 8736K [0x00000000d5580000, 0x00000000d6000000, 0x0000000100000000)
  eden space 7680K, 100% used [0x00000000d5580000,0x00000000d5d00000,0x00000000d5d00000)
  from space 1536K, 68% used [0x00000000d5d00000,0x00000000d5e08000,0x00000000d5e80000)
  to   space 1536K, 0% used [0x00000000d5e80000,0x00000000d5e80000,0x00000000d6000000)
 ParOldGen       total 594432K, used 594427K [0x0000000080000000, 0x00000000a4480000, 0x00000000d5580000)
  object space 594432K, 99% used [0x0000000080000000,0x00000000a447eee8,0x00000000a4480000)
 Metaspace       used 63446K, committed 64960K, reserved 1114112K
  class space    used 6672K, committed 7360K, reserved 1048576K
}
Event: 22.031 GC heap after
{Heap after GC invocations=798 (full 4):
 PSYoungGen      total 9216K, used 1024K [0x00000000d5580000, 0x00000000d6000000, 0x0000000100000000)
  eden space 7680K, 0% used [0x00000000d5580000,0x00000000d5580000,0x00000000d5d00000)
  from space 1536K, 66% used [0x00000000d5e80000,0x00000000d5f80000,0x00000000d6000000)
  to   space 1536K, 0% used [0x00000000d5d00000,0x00000000d5d00000,0x00000000d5e80000)
 ParOldGen       total 595456K, used 595339K [0x0000000080000000, 0x00000000a4580000, 0x00000000d5580000)
  object space 595456K, 99% used [0x0000000080000000,0x00000000a4562ee8,0x00000000a4580000)
 Metaspace       used 63446K, committed 64960K, reserved 1114112K
  class space    used 6672K, committed 7360K, reserved 1048576K
}
Event: 22.045 GC heap before
{Heap before GC invocations=799 (full 4):
 PSYoungGen      total 9216K, used 8704K [0x00000000d5580000, 0x00000000d6000000, 0x0000000100000000)
  eden space 7680K, 100% used [0x00000000d5580000,0x00000000d5d00000,0x00000000d5d00000)
  from space 1536K, 66% used [0x00000000d5e80000,0x00000000d5f80000,0x00000000d6000000)
  to   space 1536K, 0% used [0x00000000d5d00000,0x00000000d5d00000,0x00000000d5e80000)
 ParOldGen       total 595456K, used 595339K [0x0000000080000000, 0x00000000a4580000, 0x00000000d5580000)
  object space 595456K, 99% used [0x0000000080000000,0x00000000a4562ee8,0x00000000a4580000)
 Metaspace       used 63446K, committed 64960K, reserved 1114112K
  class space    used 6672K, committed 7360K, reserved 1048576K
}
Event: 22.047 GC heap after
{Heap after GC invocations=799 (full 4):
 PSYoungGen      total 8704K, used 992K [0x00000000d5580000, 0x00000000d5f00000, 0x0000000100000000)
  eden space 7680K, 0% used [0x00000000d5580000,0x00000000d5580000,0x00000000d5d00000)
  from space 1024K, 96% used [0x00000000d5d00000,0x00000000d5df8000,0x00000000d5e00000)
  to   space 1024K, 0% used [0x00000000d5e00000,0x00000000d5e00000,0x00000000d5f00000)
 ParOldGen       total 596480K, used 596211K [0x0000000080000000, 0x00000000a4680000, 0x00000000d5580000)
  object space 596480K, 99% used [0x0000000080000000,0x00000000a463cee8,0x00000000a4680000)
 Metaspace       used 63446K, committed 64960K, reserved 1114112K
  class space    used 6672K, committed 7360K, reserved 1048576K
}
Event: 22.063 GC heap before
{Heap before GC invocations=800 (full 4):
 PSYoungGen      total 8704K, used 8672K [0x00000000d5580000, 0x00000000d5f00000, 0x0000000100000000)
  eden space 7680K, 100% used [0x00000000d5580000,0x00000000d5d00000,0x00000000d5d00000)
  from space 1024K, 96% used [0x00000000d5d00000,0x00000000d5df8000,0x00000000d5e00000)
  to   space 1024K, 0% used [0x00000000d5e00000,0x00000000d5e00000,0x00000000d5f00000)
 ParOldGen       total 596480K, used 596211K [0x0000000080000000, 0x00000000a4680000, 0x00000000d5580000)
  object space 596480K, 99% used [0x0000000080000000,0x00000000a463cee8,0x00000000a4680000)
 Metaspace       used 63446K, committed 64960K, reserved 1114112K
  class space    used 6672K, committed 7360K, reserved 1048576K
}
Event: 22.064 GC heap after
{Heap after GC invocations=800 (full 4):
 PSYoungGen      total 8704K, used 992K [0x00000000d5580000, 0x00000000d5f00000, 0x0000000100000000)
  eden space 7680K, 0% used [0x00000000d5580000,0x00000000d5580000,0x00000000d5d00000)
  from space 1024K, 96% used [0x00000000d5e00000,0x00000000d5ef8000,0x00000000d5f00000)
  to   space 1024K, 0% used [0x00000000d5d00000,0x00000000d5d00000,0x00000000d5e00000)
 ParOldGen       total 597504K, used 597051K [0x0000000080000000, 0x00000000a4780000, 0x00000000d5580000)
  object space 597504K, 99% used [0x0000000080000000,0x00000000a470eee8,0x00000000a4780000)
 Metaspace       used 63446K, committed 64960K, reserved 1114112K
  class space    used 6672K, committed 7360K, reserved 1048576K
}
Event: 22.079 GC heap before
{Heap before GC invocations=801 (full 4):
 PSYoungGen      total 8704K, used 8672K [0x00000000d5580000, 0x00000000d5f00000, 0x0000000100000000)
  eden space 7680K, 100% used [0x00000000d5580000,0x00000000d5d00000,0x00000000d5d00000)
  from space 1024K, 96% used [0x00000000d5e00000,0x00000000d5ef8000,0x00000000d5f00000)
  to   space 1024K, 0% used [0x00000000d5d00000,0x00000000d5d00000,0x00000000d5e00000)
 ParOldGen       total 597504K, used 597051K [0x0000000080000000, 0x00000000a4780000, 0x00000000d5580000)
  object space 597504K, 99% used [0x0000000080000000,0x00000000a470eee8,0x00000000a4780000)
 Metaspace       used 63446K, committed 64960K, reserved 1114112K
  class space    used 6672K, committed 7360K, reserved 1048576K
}
Event: 22.082 GC heap after
{Heap after GC invocations=801 (full 4):
 PSYoungGen      total 8704K, used 960K [0x00000000d5580000, 0x00000000d5f00000, 0x0000000100000000)
  eden space 7680K, 0% used [0x00000000d5580000,0x00000000d5580000,0x00000000d5d00000)
  from space 1024K, 93% used [0x00000000d5d00000,0x00000000d5df0000,0x00000000d5e00000)
  to   space 1024K, 0% used [0x00000000d5e00000,0x00000000d5e00000,0x00000000d5f00000)
 ParOldGen       total 598016K, used 597923K [0x0000000080000000, 0x00000000a4800000, 0x00000000d5580000)
  object space 598016K, 99% used [0x0000000080000000,0x00000000a47e8ee8,0x00000000a4800000)
 Metaspace       used 63446K, committed 64960K, reserved 1114112K
  class space    used 6672K, committed 7360K, reserved 1048576K
}
Event: 22.095 GC heap before
{Heap before GC invocations=802 (full 4):
 PSYoungGen      total 8704K, used 8640K [0x00000000d5580000, 0x00000000d5f00000, 0x0000000100000000)
  eden space 7680K, 100% used [0x00000000d5580000,0x00000000d5d00000,0x00000000d5d00000)
  from space 1024K, 93% used [0x00000000d5d00000,0x00000000d5df0000,0x00000000d5e00000)
  to   space 1024K, 0% used [0x00000000d5e00000,0x00000000d5e00000,0x00000000d5f00000)
 ParOldGen       total 598016K, used 597923K [0x0000000080000000, 0x00000000a4800000, 0x00000000d5580000)
  object space 598016K, 99% used [0x0000000080000000,0x00000000a47e8ee8,0x00000000a4800000)
 Metaspace       used 63446K, committed 64960K, reserved 1114112K
  class space    used 6672K, committed 7360K, reserved 1048576K
}
Event: 22.097 GC heap after
{Heap after GC invocations=802 (full 4):
 PSYoungGen      total 8704K, used 800K [0x00000000d5580000, 0x00000000d5f00000, 0x0000000100000000)
  eden space 7680K, 0% used [0x00000000d5580000,0x00000000d5580000,0x00000000d5d00000)
  from space 1024K, 78% used [0x00000000d5e00000,0x00000000d5ec8000,0x00000000d5f00000)
  to   space 1024K, 0% used [0x00000000d5d00000,0x00000000d5d00000,0x00000000d5e00000)
 ParOldGen       total 599040K, used 598779K [0x0000000080000000, 0x00000000a4900000, 0x00000000d5580000)
  object space 599040K, 99% used [0x0000000080000000,0x00000000a48beee8,0x00000000a4900000)
 Metaspace       used 63446K, committed 64960K, reserved 1114112K
  class space    used 6672K, committed 7360K, reserved 1048576K
}
Event: 22.125 GC heap before
{Heap before GC invocations=803 (full 4):
 PSYoungGen      total 8704K, used 8480K [0x00000000d5580000, 0x00000000d5f00000, 0x0000000100000000)
  eden space 7680K, 100% used [0x00000000d5580000,0x00000000d5d00000,0x00000000d5d00000)
  from space 1024K, 78% used [0x00000000d5e00000,0x00000000d5ec8000,0x00000000d5f00000)
  to   space 1024K, 0% used [0x00000000d5d00000,0x00000000d5d00000,0x00000000d5e00000)
 ParOldGen       total 599040K, used 598779K [0x0000000080000000, 0x00000000a4900000, 0x00000000d5580000)
  object space 599040K, 99% used [0x0000000080000000,0x00000000a48beee8,0x00000000a4900000)
 Metaspace       used 63446K, committed 64960K, reserved 1114112K
  class space    used 6672K, committed 7360K, reserved 1048576K
}
Event: 22.127 GC heap after
{Heap after GC invocations=803 (full 4):
 PSYoungGen      total 8704K, used 1019K [0x00000000d5580000, 0x00000000d5f00000, 0x0000000100000000)
  eden space 7680K, 0% used [0x00000000d5580000,0x00000000d5580000,0x00000000d5d00000)
  from space 1024K, 99% used [0x00000000d5d00000,0x00000000d5dfed90,0x00000000d5e00000)
  to   space 1024K, 0% used [0x00000000d5e00000,0x00000000d5e00000,0x00000000d5f00000)
 ParOldGen       total 601088K, used 600593K [0x0000000080000000, 0x00000000a4b00000, 0x00000000d5580000)
  object space 601088K, 99% used [0x0000000080000000,0x00000000a4a846b8,0x00000000a4b00000)
 Metaspace       used 63446K, committed 64960K, reserved 1114112K
  class space    used 6672K, committed 7360K, reserved 1048576K
}

