# JRE version: OpenJDK Runtime Environment Temurin-21.0.8+9 (21.0.8+9) (build 21.0.8+9-LTS)
# Java VM: OpenJDK 64-Bit Server VM Temurin-21.0.8+9 (21.0.8+9-LTS, mixed mode, sharing, tiered, compressed oops, compressed class ptrs, parallel gc, windows-amd64)
GC Precious Log:
 CardTable entry size: 512
 CPUs: 12 total, 12 available
 Memory: 15693M
 Large Page Support: Disabled
 NUMA Support: Disabled
 Compressed Oops: Enabled (32-bit)
 Alignments: Space 512K, Generation 512K, Heap 2M
 Heap Min Capacity: 100M
 Heap Initial Capacity: 100M
 Heap Max Capacity: 2G
 Pre-touch: Disabled
 Parallel Workers: 10
Heap:
 PSYoungGen      total 18944K, used 18407K [0x00000000d5580000, 0x00000000d6a00000, 0x0000000100000000)
  eden space 16896K, 100% used [0x00000000d5580000,0x00000000d6600000,0x00000000d6600000)
  from space 2048K, 73% used [0x00000000d6800000,0x00000000d6979ce0,0x00000000d6a00000)
  to   space 2048K, 0% used [0x00000000d6600000,0x00000000d6600000,0x00000000d6800000)
 ParOldGen       total 558080K, used 557704K [0x0000000080000000, 0x00000000a2100000, 0x00000000d5580000)
  object space 558080K, 99% used [0x0000000080000000,0x00000000a20a20c8,0x00000000a2100000)
 Metaspace       used 69115K, committed 70848K, reserved 1114112K
  class space    used 7235K, committed 8000K, reserved 1048576K
GC Heap History (20 events):
Event: 63.023 GC heap before
{Heap before GC invocations=1882 (full 5):
 PSYoungGen      total 17408K, used 17278K [0x00000000d5580000, 0x00000000d6780000, 0x0000000100000000)
  eden space 16896K, 99% used [0x00000000d5580000,0x00000000d65ffb10,0x00000000d6600000)
  from space 512K, 75% used [0x00000000d6700000,0x00000000d6760000,0x00000000d6780000)
  to   space 512K, 0% used [0x00000000d6680000,0x00000000d6680000,0x00000000d6700000)
 ParOldGen       total 550912K, used 550655K [0x0000000080000000, 0x00000000a1a00000, 0x00000000d5580000)
  object space 550912K, 99% used [0x0000000080000000,0x00000000a19bff40,0x00000000a1a00000)
 Metaspace       used 67732K, committed 69376K, reserved 1114112K
  class space    used 7104K, committed 7808K, reserved 1048576K
}
Event: 63.026 GC heap after
{Heap after GC invocations=1882 (full 5):
 PSYoungGen      total 17408K, used 509K [0x00000000d5580000, 0x00000000d6800000, 0x0000000100000000)
  eden space 16896K, 0% used [0x00000000d5580000,0x00000000d5580000,0x00000000d6600000)
  from space 512K, 99% used [0x00000000d6680000,0x00000000d66ff7c8,0x00000000d6700000)
  to   space 1024K, 0% used [0x00000000d6700000,0x00000000d6700000,0x00000000d6800000)
 ParOldGen       total 551424K, used 550975K [0x0000000080000000, 0x00000000a1a80000, 0x00000000d5580000)
  object space 551424K, 99% used [0x0000000080000000,0x00000000a1a0ff60,0x00000000a1a80000)
 Metaspace       used 67732K, committed 69376K, reserved 1114112K
  class space    used 7104K, committed 7808K, reserved 1048576K
}
Event: 63.054 GC heap before
{Heap before GC invocations=1883 (full 5):
 PSYoungGen      total 17408K, used 17405K [0x00000000d5580000, 0x00000000d6800000, 0x0000000100000000)
  eden space 16896K, 100% used [0x00000000d5580000,0x00000000d6600000,0x00000000d6600000)
  from space 512K, 99% used [0x00000000d6680000,0x00000000d66ff7c8,0x00000000d6700000)
  to   space 1024K, 0% used [0x00000000d6700000,0x00000000d6700000,0x00000000d6800000)
 ParOldGen       total 551424K, used 550975K [0x0000000080000000, 0x00000000a1a80000, 0x00000000d5580000)
  object space 551424K, 99% used [0x0000000080000000,0x00000000a1a0ff60,0x00000000a1a80000)
 Metaspace       used 67732K, committed 69376K, reserved 1114112K
  class space    used 7104K, committed 7808K, reserved 1048576K
}
Event: 63.057 GC heap after
{Heap after GC invocations=1883 (full 5):
 PSYoungGen      total 17920K, used 544K [0x00000000d5580000, 0x00000000d6800000, 0x0000000100000000)
  eden space 16896K, 0% used [0x00000000d5580000,0x00000000d5580000,0x00000000d6600000)
  from space 1024K, 53% used [0x00000000d6700000,0x00000000d6788000,0x00000000d6800000)
  to   space 1024K, 0% used [0x00000000d6600000,0x00000000d6600000,0x00000000d6700000)
 ParOldGen       total 551424K, used 551231K [0x0000000080000000, 0x00000000a1a80000, 0x00000000d5580000)
  object space 551424K, 99% used [0x0000000080000000,0x00000000a1a4ff60,0x00000000a1a80000)
 Metaspace       used 67732K, committed 69376K, reserved 1114112K
  class space    used 7104K, committed 7808K, reserved 1048576K
}
Event: 63.078 GC heap before
{Heap before GC invocations=1884 (full 5):
 PSYoungGen      total 17920K, used 17440K [0x00000000d5580000, 0x00000000d6800000, 0x0000000100000000)
  eden space 16896K, 100% used [0x00000000d5580000,0x00000000d6600000,0x00000000d6600000)
  from space 1024K, 53% used [0x00000000d6700000,0x00000000d6788000,0x00000000d6800000)
  to   space 1024K, 0% used [0x00000000d6600000,0x00000000d6600000,0x00000000d6700000)
 ParOldGen       total 551424K, used 551231K [0x0000000080000000, 0x00000000a1a80000, 0x00000000d5580000)
  object space 551424K, 99% used [0x0000000080000000,0x00000000a1a4ff60,0x00000000a1a80000)
 Metaspace       used 67741K, committed 69376K, reserved 1114112K
  class space    used 7104K, committed 7808K, reserved 1048576K
}
Event: 63.081 GC heap after
{Heap after GC invocations=1884 (full 5):
 PSYoungGen      total 17920K, used 416K [0x00000000d5580000, 0x00000000d6780000, 0x0000000100000000)
  eden space 16896K, 0% used [0x00000000d5580000,0x00000000d5580000,0x00000000d6600000)
  from space 1024K, 40% used [0x00000000d6600000,0x00000000d6668000,0x00000000d6700000)
  to   space 512K, 0% used [0x00000000d6700000,0x00000000d6700000,0x00000000d6780000)
 ParOldGen       total 551936K, used 551503K [0x0000000080000000, 0x00000000a1b00000, 0x00000000d5580000)
  object space 551936K, 99% used [0x0000000080000000,0x00000000a1a93f60,0x00000000a1b00000)
 Metaspace       used 67741K, committed 69376K, reserved 1114112K
  class space    used 7104K, committed 7808K, reserved 1048576K
}
Event: 63.102 GC heap before
{Heap before GC invocations=1885 (full 5):
 PSYoungGen      total 17920K, used 17312K [0x00000000d5580000, 0x00000000d6780000, 0x0000000100000000)
  eden space 16896K, 100% used [0x00000000d5580000,0x00000000d6600000,0x00000000d6600000)
  from space 1024K, 40% used [0x00000000d6600000,0x00000000d6668000,0x00000000d6700000)
  to   space 512K, 0% used [0x00000000d6700000,0x00000000d6700000,0x00000000d6780000)
 ParOldGen       total 551936K, used 551503K [0x0000000080000000, 0x00000000a1b00000, 0x00000000d5580000)
  object space 551936K, 99% used [0x0000000080000000,0x00000000a1a93f60,0x00000000a1b00000)
 Metaspace       used 67741K, committed 69376K, reserved 1114112K
  class space    used 7104K, committed 7808K, reserved 1048576K
}
Event: 63.106 GC heap after
{Heap after GC invocations=1885 (full 5):
 PSYoungGen      total 17408K, used 416K [0x00000000d5580000, 0x00000000d6780000, 0x0000000100000000)
  eden space 16896K, 0% used [0x00000000d5580000,0x00000000d5580000,0x00000000d6600000)
  from space 512K, 81% used [0x00000000d6700000,0x00000000d6768000,0x00000000d6780000)
  to   space 512K, 0% used [0x00000000d6680000,0x00000000d6680000,0x00000000d6700000)
 ParOldGen       total 551936K, used 551695K [0x0000000080000000, 0x00000000a1b00000, 0x00000000d5580000)
  object space 551936K, 99% used [0x0000000080000000,0x00000000a1ac3f60,0x00000000a1b00000)
 Metaspace       used 67741K, committed 69376K, reserved 1114112K
  class space    used 7104K, committed 7808K, reserved 1048576K
}
Event: 63.130 GC heap before
{Heap before GC invocations=1886 (full 5):
 PSYoungGen      total 17408K, used 17312K [0x00000000d5580000, 0x00000000d6780000, 0x0000000100000000)
  eden space 16896K, 100% used [0x00000000d5580000,0x00000000d6600000,0x00000000d6600000)
  from space 512K, 81% used [0x00000000d6700000,0x00000000d6768000,0x00000000d6780000)
  to   space 512K, 0% used [0x00000000d6680000,0x00000000d6680000,0x00000000d6700000)
 ParOldGen       total 551936K, used 551695K [0x0000000080000000, 0x00000000a1b00000, 0x00000000d5580000)
  object space 551936K, 99% used [0x0000000080000000,0x00000000a1ac3f60,0x00000000a1b00000)
 Metaspace       used 67741K, committed 69376K, reserved 1114112K
  class space    used 7104K, committed 7808K, reserved 1048576K
}
Event: 63.135 GC heap after
{Heap after GC invocations=1886 (full 5):
 PSYoungGen      total 17408K, used 480K [0x00000000d5580000, 0x00000000d6780000, 0x0000000100000000)
  eden space 16896K, 0% used [0x00000000d5580000,0x00000000d5580000,0x00000000d6600000)
  from space 512K, 93% used [0x00000000d6680000,0x00000000d66f8000,0x00000000d6700000)
  to   space 512K, 0% used [0x00000000d6700000,0x00000000d6700000,0x00000000d6780000)
 ParOldGen       total 551936K, used 551871K [0x0000000080000000, 0x00000000a1b00000, 0x00000000d5580000)
  object space 551936K, 99% used [0x0000000080000000,0x00000000a1aeff60,0x00000000a1b00000)
 Metaspace       used 67741K, committed 69376K, reserved 1114112K
  class space    used 7104K, committed 7808K, reserved 1048576K
}
Event: 63.256 GC heap before
{Heap before GC invocations=1887 (full 5):
 PSYoungGen      total 17408K, used 17376K [0x00000000d5580000, 0x00000000d6780000, 0x0000000100000000)
  eden space 16896K, 100% used [0x00000000d5580000,0x00000000d6600000,0x00000000d6600000)
  from space 512K, 93% used [0x00000000d6680000,0x00000000d66f8000,0x00000000d6700000)
  to   space 512K, 0% used [0x00000000d6700000,0x00000000d6700000,0x00000000d6780000)
 ParOldGen       total 551936K, used 551871K [0x0000000080000000, 0x00000000a1b00000, 0x00000000d5580000)
  object space 551936K, 99% used [0x0000000080000000,0x00000000a1aeff60,0x00000000a1b00000)
 Metaspace       used 67871K, committed 69568K, reserved 1114112K
  class space    used 7125K, committed 7872K, reserved 1048576K
}
Event: 63.260 GC heap after
{Heap after GC invocations=1887 (full 5):
 PSYoungGen      total 17408K, used 500K [0x00000000d5580000, 0x00000000d6800000, 0x0000000100000000)
  eden space 16896K, 0% used [0x00000000d5580000,0x00000000d5580000,0x00000000d6600000)
  from space 512K, 97% used [0x00000000d6700000,0x00000000d677d220,0x00000000d6780000)
  to   space 1024K, 0% used [0x00000000d6600000,0x00000000d6600000,0x00000000d6700000)
 ParOldGen       total 552448K, used 552260K [0x0000000080000000, 0x00000000a1b80000, 0x00000000d5580000)
  object space 552448K, 99% used [0x0000000080000000,0x00000000a1b51180,0x00000000a1b80000)
 Metaspace       used 67871K, committed 69568K, reserved 1114112K
  class space    used 7125K, committed 7872K, reserved 1048576K
}
Event: 63.424 GC heap before
{Heap before GC invocations=1888 (full 5):
 PSYoungGen      total 17408K, used 17396K [0x00000000d5580000, 0x00000000d6800000, 0x0000000100000000)
  eden space 16896K, 99% used [0x00000000d5580000,0x00000000d65ffff8,0x00000000d6600000)
  from space 512K, 97% used [0x00000000d6700000,0x00000000d677d220,0x00000000d6780000)
  to   space 1024K, 0% used [0x00000000d6600000,0x00000000d6600000,0x00000000d6700000)
 ParOldGen       total 552448K, used 552260K [0x0000000080000000, 0x00000000a1b80000, 0x00000000d5580000)
  object space 552448K, 99% used [0x0000000080000000,0x00000000a1b51180,0x00000000a1b80000)
 Metaspace       used 67968K, committed 69632K, reserved 1114112K
  class space    used 7133K, committed 7872K, reserved 1048576K
}
Event: 63.431 GC heap after
{Heap after GC invocations=1888 (full 5):
 PSYoungGen      total 17920K, used 996K [0x00000000d5580000, 0x00000000d6c00000, 0x0000000100000000)
  eden space 16896K, 0% used [0x00000000d5580000,0x00000000d5580000,0x00000000d6600000)
  from space 1024K, 97% used [0x00000000d6600000,0x00000000d66f9210,0x00000000d6700000)
  to   space 3072K, 0% used [0x00000000d6900000,0x00000000d6900000,0x00000000d6c00000)
 ParOldGen       total 553984K, used 553584K [0x0000000080000000, 0x00000000a1d00000, 0x00000000d5580000)
  object space 553984K, 99% used [0x0000000080000000,0x00000000a1c9c3a0,0x00000000a1d00000)
 Metaspace       used 67968K, committed 69632K, reserved 1114112K
  class space    used 7133K, committed 7872K, reserved 1048576K
}
Event: 63.687 GC heap before
{Heap before GC invocations=1889 (full 5):
 PSYoungGen      total 17920K, used 17892K [0x00000000d5580000, 0x00000000d6c00000, 0x0000000100000000)
  eden space 16896K, 100% used [0x00000000d5580000,0x00000000d6600000,0x00000000d6600000)
  from space 1024K, 97% used [0x00000000d6600000,0x00000000d66f9210,0x00000000d6700000)
  to   space 3072K, 0% used [0x00000000d6900000,0x00000000d6900000,0x00000000d6c00000)
 ParOldGen       total 553984K, used 553584K [0x0000000080000000, 0x00000000a1d00000, 0x00000000d5580000)
  object space 553984K, 99% used [0x0000000080000000,0x00000000a1c9c3a0,0x00000000a1d00000)
 Metaspace       used 68098K, committed 69760K, reserved 1114112K
  class space    used 7136K, committed 7872K, reserved 1048576K
}
Event: 63.693 GC heap after
{Heap after GC invocations=1889 (full 5):
 PSYoungGen      total 19456K, used 2304K [0x00000000d5580000, 0x00000000d6b80000, 0x0000000100000000)
  eden space 16896K, 0% used [0x00000000d5580000,0x00000000d5580000,0x00000000d6600000)
  from space 2560K, 90% used [0x00000000d6900000,0x00000000d6b40000,0x00000000d6b80000)
  to   space 2560K, 0% used [0x00000000d6680000,0x00000000d6680000,0x00000000d6900000)
 ParOldGen       total 555008K, used 554621K [0x0000000080000000, 0x00000000a1e00000, 0x00000000d5580000)
  object space 555008K, 99% used [0x0000000080000000,0x00000000a1d9f5b0,0x00000000a1e00000)
 Metaspace       used 68098K, committed 69760K, reserved 1114112K
  class space    used 7136K, committed 7872K, reserved 1048576K
}
Event: 63.960 GC heap before
{Heap before GC invocations=1890 (full 5):
 PSYoungGen      total 19456K, used 18972K [0x00000000d5580000, 0x00000000d6b80000, 0x0000000100000000)
  eden space 16896K, 98% used [0x00000000d5580000,0x00000000d65c70a8,0x00000000d6600000)
  from space 2560K, 90% used [0x00000000d6900000,0x00000000d6b40000,0x00000000d6b80000)
  to   space 2560K, 0% used [0x00000000d6680000,0x00000000d6680000,0x00000000d6900000)
 ParOldGen       total 555008K, used 554621K [0x0000000080000000, 0x00000000a1e00000, 0x00000000d5580000)
  object space 555008K, 99% used [0x0000000080000000,0x00000000a1d9f5b0,0x00000000a1e00000)
 Metaspace       used 68798K, committed 70528K, reserved 1114112K
  class space    used 7201K, committed 7936K, reserved 1048576K
}
Event: 63.966 GC heap after
{Heap after GC invocations=1890 (full 5):
 PSYoungGen      total 18432K, used 1492K [0x00000000d5580000, 0x00000000d6a00000, 0x0000000100000000)
  eden space 16896K, 0% used [0x00000000d5580000,0x00000000d5580000,0x00000000d6600000)
  from space 1536K, 97% used [0x00000000d6680000,0x00000000d67f5160,0x00000000d6800000)
  to   space 2048K, 0% used [0x00000000d6800000,0x00000000d6800000,0x00000000d6a00000)
 ParOldGen       total 557056K, used 556746K [0x0000000080000000, 0x00000000a2000000, 0x00000000d5580000)
  object space 557056K, 99% used [0x0000000080000000,0x00000000a1fb28f8,0x00000000a2000000)
 Metaspace       used 68798K, committed 70528K, reserved 1114112K
  class space    used 7201K, committed 7936K, reserved 1048576K
}
Event: 64.365 GC heap before
{Heap before GC invocations=1891 (full 5):
 PSYoungGen      total 18432K, used 18388K [0x00000000d5580000, 0x00000000d6a00000, 0x0000000100000000)
  eden space 16896K, 100% used [0x00000000d5580000,0x00000000d6600000,0x00000000d6600000)
  from space 1536K, 97% used [0x00000000d6680000,0x00000000d67f5160,0x00000000d6800000)
  to   space 2048K, 0% used [0x00000000d6800000,0x00000000d6800000,0x00000000d6a00000)
 ParOldGen       total 557056K, used 556746K [0x0000000080000000, 0x00000000a2000000, 0x00000000d5580000)
  object space 557056K, 99% used [0x0000000080000000,0x00000000a1fb28f8,0x00000000a2000000)
 Metaspace       used 68984K, committed 70720K, reserved 1114112K
  class space    used 7230K, committed 8000K, reserved 1048576K
}
Event: 64.370 GC heap after
{Heap after GC invocations=1891 (full 5):
 PSYoungGen      total 18944K, used 1511K [0x00000000d5580000, 0x00000000d6a00000, 0x0000000100000000)
  eden space 16896K, 0% used [0x00000000d5580000,0x00000000d5580000,0x00000000d6600000)
  from space 2048K, 73% used [0x00000000d6800000,0x00000000d6979ce0,0x00000000d6a00000)
  to   space 2048K, 0% used [0x00000000d6600000,0x00000000d6600000,0x00000000d6800000)
 ParOldGen       total 558080K, used 557704K [0x0000000080000000, 0x00000000a2100000, 0x00000000d5580000)
  object space 558080K, 99% used [0x0000000080000000,0x00000000a20a20c8,0x00000000a2100000)
 Metaspace       used 68984K, committed 70720K, reserved 1114112K
  class space    used 7230K, committed 8000K, reserved 1048576K
}

