# JRE version: OpenJDK Runtime Environment Temurin-17.0.16+8 (17.0.16+8) (build 17.0.16+8)
# Java VM: OpenJDK 64-Bit Server VM Temurin-17.0.16+8 (17.0.16+8, mixed mode, sharing, tiered, compressed oops, compressed class ptrs, g1 gc, windows-amd64)
GC Precious Log:
 CPUs: 12 total, 12 available
 Memory: 15693M
 Large Page Support: Disabled
 NUMA Support: Disabled
 Compressed Oops: Enabled (Zero based)
 Heap Region Size: 2M
 Heap Min Capacity: 8M
 Heap Initial Capacity: 246M
 Heap Max Capacity: 3924M
 Pre-touch: Disabled
 Parallel Workers: 10
 Concurrent Workers: 3
 Concurrent Refinement Workers: 10
 Periodic GC: Disabled
Heap:
 garbage-first heap   total 110592K, used 55185K [0x000000070ac00000, 0x0000000800000000)
  region size 2048K, 4 young (8192K), 2 survivors (4096K)
 Metaspace       used 91316K, committed 91968K, reserved 1179648K
  class space    used 12372K, committed 12736K, reserved 1048576K
GC Heap History (20 events):
Event: 4037.704 GC heap before
{Heap before GC invocations=34 (full 1):
 garbage-first heap   total 108544K, used 84048K [0x000000070ac00000, 0x0000000800000000)
  region size 2048K, 19 young (38912K), 2 survivors (4096K)
 Metaspace       used 90279K, committed 91264K, reserved 1179648K
  class space    used 12323K, committed 12736K, reserved 1048576K
}
Event: 4037.708 GC heap after
{Heap after GC invocations=35 (full 1):
 garbage-first heap   total 108544K, used 50812K [0x000000070ac00000, 0x0000000800000000)
  region size 2048K, 3 young (6144K), 3 survivors (6144K)
 Metaspace       used 90279K, committed 91264K, reserved 1179648K
  class space    used 12323K, committed 12736K, reserved 1048576K
}
Event: 4055.780 GC heap before
{Heap before GC invocations=35 (full 1):
 garbage-first heap   total 108544K, used 79484K [0x000000070ac00000, 0x0000000800000000)
  region size 2048K, 18 young (36864K), 3 survivors (6144K)
 Metaspace       used 90320K, committed 91264K, reserved 1179648K
  class space    used 12324K, committed 12736K, reserved 1048576K
}
Event: 4055.872 GC heap after
{Heap after GC invocations=36 (full 2):
 garbage-first heap   total 108544K, used 38531K [0x000000070ac00000, 0x0000000800000000)
  region size 2048K, 0 young (0K), 0 survivors (0K)
 Metaspace       used 90259K, committed 91264K, reserved 1179648K
  class space    used 12308K, committed 12736K, reserved 1048576K
}
Event: 4057.357 GC heap before
{Heap before GC invocations=36 (full 2):
 garbage-first heap   total 108544K, used 83587K [0x000000070ac00000, 0x0000000800000000)
  region size 2048K, 22 young (45056K), 0 survivors (0K)
 Metaspace       used 90478K, committed 91264K, reserved 1179648K
  class space    used 12325K, committed 12736K, reserved 1048576K
}
Event: 4057.361 GC heap after
{Heap after GC invocations=37 (full 2):
 garbage-first heap   total 108544K, used 42437K [0x000000070ac00000, 0x0000000800000000)
  region size 2048K, 2 young (4096K), 2 survivors (4096K)
 Metaspace       used 90478K, committed 91264K, reserved 1179648K
  class space    used 12325K, committed 12736K, reserved 1048576K
}
Event: 4060.616 GC heap before
{Heap before GC invocations=37 (full 2):
 garbage-first heap   total 108544K, used 83397K [0x000000070ac00000, 0x0000000800000000)
  region size 2048K, 22 young (45056K), 2 survivors (4096K)
 Metaspace       used 90565K, committed 91328K, reserved 1179648K
  class space    used 12333K, committed 12736K, reserved 1048576K
}
Event: 4060.621 GC heap after
{Heap after GC invocations=38 (full 2):
 garbage-first heap   total 108544K, used 44946K [0x000000070ac00000, 0x0000000800000000)
  region size 2048K, 2 young (4096K), 2 survivors (4096K)
 Metaspace       used 90565K, committed 91328K, reserved 1179648K
  class space    used 12333K, committed 12736K, reserved 1048576K
}
Event: 4061.309 GC heap before
{Heap before GC invocations=38 (full 2):
 garbage-first heap   total 108544K, used 81810K [0x000000070ac00000, 0x0000000800000000)
  region size 2048K, 20 young (40960K), 2 survivors (4096K)
 Metaspace       used 90710K, committed 91456K, reserved 1179648K
  class space    used 12344K, committed 12736K, reserved 1048576K
}
Event: 4061.313 GC heap after
{Heap after GC invocations=39 (full 2):
 garbage-first heap   total 108544K, used 46697K [0x000000070ac00000, 0x0000000800000000)
  region size 2048K, 3 young (6144K), 3 survivors (6144K)
 Metaspace       used 90710K, committed 91456K, reserved 1179648K
  class space    used 12344K, committed 12736K, reserved 1048576K
}
Event: 4061.782 GC heap before
{Heap before GC invocations=39 (full 2):
 garbage-first heap   total 108544K, used 81513K [0x000000070ac00000, 0x0000000800000000)
  region size 2048K, 20 young (40960K), 3 survivors (6144K)
 Metaspace       used 90888K, committed 91584K, reserved 1179648K
  class space    used 12352K, committed 12736K, reserved 1048576K
}
Event: 4061.785 GC heap after
{Heap after GC invocations=40 (full 2):
 garbage-first heap   total 108544K, used 48072K [0x000000070ac00000, 0x0000000800000000)
  region size 2048K, 3 young (6144K), 3 survivors (6144K)
 Metaspace       used 90888K, committed 91584K, reserved 1179648K
  class space    used 12352K, committed 12736K, reserved 1048576K
}
Event: 4062.638 GC heap before
{Heap before GC invocations=40 (full 2):
 garbage-first heap   total 108544K, used 82888K [0x000000070ac00000, 0x0000000800000000)
  region size 2048K, 20 young (40960K), 3 survivors (6144K)
 Metaspace       used 91122K, committed 91840K, reserved 1179648K
  class space    used 12362K, committed 12736K, reserved 1048576K
}
Event: 4062.643 GC heap after
{Heap after GC invocations=41 (full 2):
 garbage-first heap   total 108544K, used 50065K [0x000000070ac00000, 0x0000000800000000)
  region size 2048K, 2 young (4096K), 2 survivors (4096K)
 Metaspace       used 91122K, committed 91840K, reserved 1179648K
  class space    used 12362K, committed 12736K, reserved 1048576K
}
Event: 4062.899 GC heap before
{Heap before GC invocations=42 (full 2):
 garbage-first heap   total 108544K, used 82833K [0x000000070ac00000, 0x0000000800000000)
  region size 2048K, 18 young (36864K), 2 survivors (4096K)
 Metaspace       used 91258K, committed 91968K, reserved 1179648K
  class space    used 12370K, committed 12736K, reserved 1048576K
}
Event: 4062.902 GC heap after
{Heap after GC invocations=43 (full 2):
 garbage-first heap   total 108544K, used 51265K [0x000000070ac00000, 0x0000000800000000)
  region size 2048K, 2 young (4096K), 2 survivors (4096K)
 Metaspace       used 91258K, committed 91968K, reserved 1179648K
  class space    used 12370K, committed 12736K, reserved 1048576K
}
Event: 4063.219 GC heap before
{Heap before GC invocations=43 (full 2):
 garbage-first heap   total 108544K, used 84033K [0x000000070ac00000, 0x0000000800000000)
  region size 2048K, 18 young (36864K), 2 survivors (4096K)
 Metaspace       used 91281K, committed 91968K, reserved 1179648K
  class space    used 12371K, committed 12736K, reserved 1048576K
}
Event: 4063.222 GC heap after
{Heap after GC invocations=44 (full 2):
 garbage-first heap   total 108544K, used 52459K [0x000000070ac00000, 0x0000000800000000)
  region size 2048K, 2 young (4096K), 2 survivors (4096K)
 Metaspace       used 91281K, committed 91968K, reserved 1179648K
  class space    used 12371K, committed 12736K, reserved 1048576K
}
Event: 4063.502 GC heap before
{Heap before GC invocations=45 (full 2):
 garbage-first heap   total 110592K, used 83179K [0x000000070ac00000, 0x0000000800000000)
  region size 2048K, 17 young (34816K), 2 survivors (4096K)
 Metaspace       used 91300K, committed 91968K, reserved 1179648K
  class space    used 12372K, committed 12736K, reserved 1048576K
}
Event: 4063.506 GC heap after
{Heap after GC invocations=46 (full 2):
 garbage-first heap   total 110592K, used 53137K [0x000000070ac00000, 0x0000000800000000)
  region size 2048K, 2 young (4096K), 2 survivors (4096K)
 Metaspace       used 91300K, committed 91968K, reserved 1179648K
  class space    used 12372K, committed 12736K, reserved 1048576K
}

