# JRE version: OpenJDK Runtime Environment Temurin-21.0.8+9 (21.0.8+9) (build 21.0.8+9-LTS)
# Java VM: OpenJDK 64-Bit Server VM Temurin-21.0.8+9 (21.0.8+9-LTS, mixed mode, sharing, tiered, compressed oops, compressed class ptrs, parallel gc, windows-amd64)
GC Precious Log:
 CardTable entry size: 512
 CPUs: 12 total, 12 available
 Memory: 15693M
 Large Page Support: Disabled
 NUMA Support: Disabled
 Compressed Oops: Enabled (32-bit)
 Alignments: Space 512K, Generation 512K, Heap 2M
 Heap Min Capacity: 100M
 Heap Initial Capacity: 100M
 Heap Max Capacity: 2G
 Pre-touch: Disabled
 Parallel Workers: 10
Heap:
 PSYoungGen      total 24576K, used 11010K [0x00000000d5580000, 0x00000000d7600000, 0x0000000100000000)
  eden space 21504K, 46% used [0x00000000d5580000,0x00000000d5f322b8,0x00000000d6a80000)
  from space 3072K, 35% used [0x00000000d7080000,0x00000000d718e7b8,0x00000000d7380000)
  to   space 2048K, 0% used [0x00000000d7400000,0x00000000d7400000,0x00000000d7600000)
 ParOldGen       total 699392K, used 698930K [0x0000000080000000, 0x00000000aab00000, 0x00000000d5580000)
  object space 699392K, 99% used [0x0000000080000000,0x00000000aaa8c920,0x00000000aab00000)
 Metaspace       used 79650K, committed 81472K, reserved 1179648K
  class space    used 8422K, committed 9216K, reserved 1048576K
GC Heap History (20 events):
Event: 558.713 GC heap before
{Heap before GC invocations=1390 (full 4):
 PSYoungGen      total 23552K, used 23547K [0x00000000d5580000, 0x00000000d7b80000, 0x0000000100000000)
  eden space 21504K, 100% used [0x00000000d5580000,0x00000000d6a80000,0x00000000d6a80000)
  from space 2048K, 99% used [0x00000000d7780000,0x00000000d797eff0,0x00000000d7980000)
  to   space 2048K, 0% used [0x00000000d7980000,0x00000000d7980000,0x00000000d7b80000)
 ParOldGen       total 689152K, used 688983K [0x0000000080000000, 0x00000000aa100000, 0x00000000d5580000)
  object space 689152K, 99% used [0x0000000080000000,0x00000000aa0d5c40,0x00000000aa100000)
 Metaspace       used 78670K, committed 80448K, reserved 1179648K
  class space    used 8375K, committed 9152K, reserved 1048576K
}
Event: 558.717 GC heap after
{Heap after GC invocations=1390 (full 4):
 PSYoungGen      total 23552K, used 2028K [0x00000000d5580000, 0x00000000d7b80000, 0x0000000100000000)
  eden space 21504K, 0% used [0x00000000d5580000,0x00000000d5580000,0x00000000d6a80000)
  from space 2048K, 99% used [0x00000000d7980000,0x00000000d7b7b280,0x00000000d7b80000)
  to   space 6144K, 0% used [0x00000000d6f80000,0x00000000d6f80000,0x00000000d7580000)
 ParOldGen       total 692736K, used 692263K [0x0000000080000000, 0x00000000aa480000, 0x00000000d5580000)
  object space 692736K, 99% used [0x0000000080000000,0x00000000aa409c40,0x00000000aa480000)
 Metaspace       used 78670K, committed 80448K, reserved 1179648K
  class space    used 8375K, committed 9152K, reserved 1048576K
}
Event: 559.362 GC heap before
{Heap before GC invocations=1391 (full 4):
 PSYoungGen      total 23552K, used 23532K [0x00000000d5580000, 0x00000000d7b80000, 0x0000000100000000)
  eden space 21504K, 100% used [0x00000000d5580000,0x00000000d6a80000,0x00000000d6a80000)
  from space 2048K, 99% used [0x00000000d7980000,0x00000000d7b7b280,0x00000000d7b80000)
  to   space 6144K, 0% used [0x00000000d6f80000,0x00000000d6f80000,0x00000000d7580000)
 ParOldGen       total 692736K, used 692263K [0x0000000080000000, 0x00000000aa480000, 0x00000000d5580000)
  object space 692736K, 99% used [0x0000000080000000,0x00000000aa409c40,0x00000000aa480000)
 Metaspace       used 78840K, committed 80640K, reserved 1179648K
  class space    used 8376K, committed 9152K, reserved 1048576K
}
Event: 559.364 GC heap after
{Heap after GC invocations=1391 (full 4):
 PSYoungGen      total 27648K, used 922K [0x00000000d5580000, 0x00000000d7a00000, 0x0000000100000000)
  eden space 21504K, 0% used [0x00000000d5580000,0x00000000d5580000,0x00000000d6a80000)
  from space 6144K, 15% used [0x00000000d6f80000,0x00000000d7066940,0x00000000d7580000)
  to   space 2560K, 0% used [0x00000000d7780000,0x00000000d7780000,0x00000000d7a00000)
 ParOldGen       total 692736K, used 692287K [0x0000000080000000, 0x00000000aa480000, 0x00000000d5580000)
  object space 692736K, 99% used [0x0000000080000000,0x00000000aa40fc40,0x00000000aa480000)
 Metaspace       used 78840K, committed 80640K, reserved 1179648K
  class space    used 8376K, committed 9152K, reserved 1048576K
}
Event: 586.007 GC heap before
{Heap before GC invocations=1392 (full 4):
 PSYoungGen      total 27648K, used 22426K [0x00000000d5580000, 0x00000000d7a00000, 0x0000000100000000)
  eden space 21504K, 100% used [0x00000000d5580000,0x00000000d6a80000,0x00000000d6a80000)
  from space 6144K, 15% used [0x00000000d6f80000,0x00000000d7066940,0x00000000d7580000)
  to   space 2560K, 0% used [0x00000000d7780000,0x00000000d7780000,0x00000000d7a00000)
 ParOldGen       total 692736K, used 692287K [0x0000000080000000, 0x00000000aa480000, 0x00000000d5580000)
  object space 692736K, 99% used [0x0000000080000000,0x00000000aa40fc40,0x00000000aa480000)
 Metaspace       used 78946K, committed 80704K, reserved 1179648K
  class space    used 8379K, committed 9152K, reserved 1048576K
}
Event: 586.010 GC heap after
{Heap after GC invocations=1392 (full 4):
 PSYoungGen      total 22016K, used 404K [0x00000000d5580000, 0x00000000d7800000, 0x0000000100000000)
  eden space 21504K, 0% used [0x00000000d5580000,0x00000000d5580000,0x00000000d6a80000)
  from space 512K, 79% used [0x00000000d7780000,0x00000000d77e5200,0x00000000d7800000)
  to   space 1024K, 0% used [0x00000000d7600000,0x00000000d7600000,0x00000000d7700000)
 ParOldGen       total 693248K, used 693027K [0x0000000080000000, 0x00000000aa500000, 0x00000000d5580000)
  object space 693248K, 99% used [0x0000000080000000,0x00000000aa4c8e90,0x00000000aa500000)
 Metaspace       used 78946K, committed 80704K, reserved 1179648K
  class space    used 8379K, committed 9152K, reserved 1048576K
}
Event: 586.122 GC heap before
{Heap before GC invocations=1393 (full 4):
 PSYoungGen      total 22016K, used 21908K [0x00000000d5580000, 0x00000000d7800000, 0x0000000100000000)
  eden space 21504K, 100% used [0x00000000d5580000,0x00000000d6a80000,0x00000000d6a80000)
  from space 512K, 79% used [0x00000000d7780000,0x00000000d77e5200,0x00000000d7800000)
  to   space 1024K, 0% used [0x00000000d7600000,0x00000000d7600000,0x00000000d7700000)
 ParOldGen       total 693248K, used 693027K [0x0000000080000000, 0x00000000aa500000, 0x00000000d5580000)
  object space 693248K, 99% used [0x0000000080000000,0x00000000aa4c8e90,0x00000000aa500000)
 Metaspace       used 79135K, committed 80896K, reserved 1179648K
  class space    used 8396K, committed 9152K, reserved 1048576K
}
Event: 586.126 GC heap after
{Heap after GC invocations=1393 (full 4):
 PSYoungGen      total 22528K, used 1013K [0x00000000d5580000, 0x00000000d7800000, 0x0000000100000000)
  eden space 21504K, 0% used [0x00000000d5580000,0x00000000d5580000,0x00000000d6a80000)
  from space 1024K, 98% used [0x00000000d7600000,0x00000000d76fd4c0,0x00000000d7700000)
  to   space 1024K, 0% used [0x00000000d7700000,0x00000000d7700000,0x00000000d7800000)
 ParOldGen       total 694272K, used 694208K [0x0000000080000000, 0x00000000aa600000, 0x00000000d5580000)
  object space 694272K, 99% used [0x0000000080000000,0x00000000aa5f0130,0x00000000aa600000)
 Metaspace       used 79135K, committed 80896K, reserved 1179648K
  class space    used 8396K, committed 9152K, reserved 1048576K
}
Event: 586.748 GC heap before
{Heap before GC invocations=1394 (full 4):
 PSYoungGen      total 22528K, used 22517K [0x00000000d5580000, 0x00000000d7800000, 0x0000000100000000)
  eden space 21504K, 100% used [0x00000000d5580000,0x00000000d6a80000,0x00000000d6a80000)
  from space 1024K, 98% used [0x00000000d7600000,0x00000000d76fd4c0,0x00000000d7700000)
  to   space 1024K, 0% used [0x00000000d7700000,0x00000000d7700000,0x00000000d7800000)
 ParOldGen       total 694272K, used 694208K [0x0000000080000000, 0x00000000aa600000, 0x00000000d5580000)
  object space 694272K, 99% used [0x0000000080000000,0x00000000aa5f0130,0x00000000aa600000)
 Metaspace       used 79278K, committed 81024K, reserved 1179648K
  class space    used 8413K, committed 9152K, reserved 1048576K
}
Event: 586.752 GC heap after
{Heap after GC invocations=1394 (full 4):
 PSYoungGen      total 22528K, used 1002K [0x00000000d5580000, 0x00000000d7800000, 0x0000000100000000)
  eden space 21504K, 0% used [0x00000000d5580000,0x00000000d5580000,0x00000000d6a80000)
  from space 1024K, 97% used [0x00000000d7700000,0x00000000d77fa910,0x00000000d7800000)
  to   space 2560K, 0% used [0x00000000d7300000,0x00000000d7300000,0x00000000d7580000)
 ParOldGen       total 695296K, used 695225K [0x0000000080000000, 0x00000000aa700000, 0x00000000d5580000)
  object space 695296K, 99% used [0x0000000080000000,0x00000000aa6ee608,0x00000000aa700000)
 Metaspace       used 79278K, committed 81024K, reserved 1179648K
  class space    used 8413K, committed 9152K, reserved 1048576K
}
Event: 591.423 GC heap before
{Heap before GC invocations=1395 (full 4):
 PSYoungGen      total 22528K, used 22506K [0x00000000d5580000, 0x00000000d7800000, 0x0000000100000000)
  eden space 21504K, 100% used [0x00000000d5580000,0x00000000d6a80000,0x00000000d6a80000)
  from space 1024K, 97% used [0x00000000d7700000,0x00000000d77fa910,0x00000000d7800000)
  to   space 2560K, 0% used [0x00000000d7300000,0x00000000d7300000,0x00000000d7580000)
 ParOldGen       total 695296K, used 695225K [0x0000000080000000, 0x00000000aa700000, 0x00000000d5580000)
  object space 695296K, 99% used [0x0000000080000000,0x00000000aa6ee608,0x00000000aa700000)
 Metaspace       used 79314K, committed 81088K, reserved 1179648K
  class space    used 8414K, committed 9152K, reserved 1048576K
}
Event: 591.425 GC heap after
{Heap after GC invocations=1395 (full 4):
 PSYoungGen      total 24064K, used 810K [0x00000000d5580000, 0x00000000d7780000, 0x0000000100000000)
  eden space 21504K, 0% used [0x00000000d5580000,0x00000000d5580000,0x00000000d6a80000)
  from space 2560K, 31% used [0x00000000d7300000,0x00000000d73ca910,0x00000000d7580000)
  to   space 1536K, 0% used [0x00000000d7600000,0x00000000d7600000,0x00000000d7780000)
 ParOldGen       total 696320K, used 696122K [0x0000000080000000, 0x00000000aa800000, 0x00000000d5580000)
  object space 696320K, 99% used [0x0000000080000000,0x00000000aa7ce828,0x00000000aa800000)
 Metaspace       used 79314K, committed 81088K, reserved 1179648K
  class space    used 8414K, committed 9152K, reserved 1048576K
}
Event: 18027.702 GC heap before
{Heap before GC invocations=1396 (full 4):
 PSYoungGen      total 24064K, used 22314K [0x00000000d5580000, 0x00000000d7780000, 0x0000000100000000)
  eden space 21504K, 99% used [0x00000000d5580000,0x00000000d6a7fff8,0x00000000d6a80000)
  from space 2560K, 31% used [0x00000000d7300000,0x00000000d73ca910,0x00000000d7580000)
  to   space 1536K, 0% used [0x00000000d7600000,0x00000000d7600000,0x00000000d7780000)
 ParOldGen       total 696320K, used 696122K [0x0000000080000000, 0x00000000aa800000, 0x00000000d5580000)
  object space 696320K, 99% used [0x0000000080000000,0x00000000aa7ce828,0x00000000aa800000)
 Metaspace       used 79372K, committed 81216K, reserved 1179648K
  class space    used 8415K, committed 9216K, reserved 1048576K
}
Event: 18027.706 GC heap after
{Heap after GC invocations=1396 (full 4):
 PSYoungGen      total 22016K, used 384K [0x00000000d5580000, 0x00000000d7680000, 0x0000000100000000)
  eden space 21504K, 0% used [0x00000000d5580000,0x00000000d5580000,0x00000000d6a80000)
  from space 512K, 75% used [0x00000000d7600000,0x00000000d7660000,0x00000000d7680000)
  to   space 1024K, 0% used [0x00000000d7480000,0x00000000d7480000,0x00000000d7580000)
 ParOldGen       total 696320K, used 696130K [0x0000000080000000, 0x00000000aa800000, 0x00000000d5580000)
  object space 696320K, 99% used [0x0000000080000000,0x00000000aa7d0828,0x00000000aa800000)
 Metaspace       used 79372K, committed 81216K, reserved 1179648K
  class space    used 8415K, committed 9216K, reserved 1048576K
}
Event: 18159.568 GC heap before
{Heap before GC invocations=1397 (full 4):
 PSYoungGen      total 22016K, used 21835K [0x00000000d5580000, 0x00000000d7680000, 0x0000000100000000)
  eden space 21504K, 99% used [0x00000000d5580000,0x00000000d6a72fb8,0x00000000d6a80000)
  from space 512K, 75% used [0x00000000d7600000,0x00000000d7660000,0x00000000d7680000)
  to   space 1024K, 0% used [0x00000000d7480000,0x00000000d7480000,0x00000000d7580000)
 ParOldGen       total 696320K, used 696130K [0x0000000080000000, 0x00000000aa800000, 0x00000000d5580000)
  object space 696320K, 99% used [0x0000000080000000,0x00000000aa7d0828,0x00000000aa800000)
 Metaspace       used 79552K, committed 81408K, reserved 1179648K
  class space    used 8421K, committed 9216K, reserved 1048576K
}
Event: 18159.573 GC heap after
{Heap after GC invocations=1397 (full 4):
 PSYoungGen      total 22528K, used 1018K [0x00000000d5580000, 0x00000000d7680000, 0x0000000100000000)
  eden space 21504K, 0% used [0x00000000d5580000,0x00000000d5580000,0x00000000d6a80000)
  from space 1024K, 99% used [0x00000000d7480000,0x00000000d757e900,0x00000000d7580000)
  to   space 1024K, 0% used [0x00000000d7580000,0x00000000d7580000,0x00000000d7680000)
 ParOldGen       total 696832K, used 696381K [0x0000000080000000, 0x00000000aa880000, 0x00000000d5580000)
  object space 696832K, 99% used [0x0000000080000000,0x00000000aa80f748,0x00000000aa880000)
 Metaspace       used 79552K, committed 81408K, reserved 1179648K
  class space    used 8421K, committed 9216K, reserved 1048576K
}
Event: 18159.711 GC heap before
{Heap before GC invocations=1398 (full 4):
 PSYoungGen      total 22528K, used 22522K [0x00000000d5580000, 0x00000000d7680000, 0x0000000100000000)
  eden space 21504K, 100% used [0x00000000d5580000,0x00000000d6a80000,0x00000000d6a80000)
  from space 1024K, 99% used [0x00000000d7480000,0x00000000d757e900,0x00000000d7580000)
  to   space 1024K, 0% used [0x00000000d7580000,0x00000000d7580000,0x00000000d7680000)
 ParOldGen       total 696832K, used 696381K [0x0000000080000000, 0x00000000aa880000, 0x00000000d5580000)
  object space 696832K, 99% used [0x0000000080000000,0x00000000aa80f748,0x00000000aa880000)
 Metaspace       used 79567K, committed 81408K, reserved 1179648K
  class space    used 8421K, committed 9216K, reserved 1048576K
}
Event: 18159.717 GC heap after
{Heap after GC invocations=1398 (full 4):
 PSYoungGen      total 22528K, used 999K [0x00000000d5580000, 0x00000000d7680000, 0x0000000100000000)
  eden space 21504K, 0% used [0x00000000d5580000,0x00000000d5580000,0x00000000d6a80000)
  from space 1024K, 97% used [0x00000000d7580000,0x00000000d7679fd8,0x00000000d7680000)
  to   space 3072K, 0% used [0x00000000d7080000,0x00000000d7080000,0x00000000d7380000)
 ParOldGen       total 698368K, used 697874K [0x0000000080000000, 0x00000000aaa00000, 0x00000000d5580000)
  object space 698368K, 99% used [0x0000000080000000,0x00000000aa984948,0x00000000aaa00000)
 Metaspace       used 79567K, committed 81408K, reserved 1179648K
  class space    used 8421K, committed 9216K, reserved 1048576K
}
Event: 18159.840 GC heap before
{Heap before GC invocations=1399 (full 4):
 PSYoungGen      total 22528K, used 22498K [0x00000000d5580000, 0x00000000d7680000, 0x0000000100000000)
  eden space 21504K, 99% used [0x00000000d5580000,0x00000000d6a7ea88,0x00000000d6a80000)
  from space 1024K, 97% used [0x00000000d7580000,0x00000000d7679fd8,0x00000000d7680000)
  to   space 3072K, 0% used [0x00000000d7080000,0x00000000d7080000,0x00000000d7380000)
 ParOldGen       total 698368K, used 697874K [0x0000000080000000, 0x00000000aaa00000, 0x00000000d5580000)
  object space 698368K, 99% used [0x0000000080000000,0x00000000aa984948,0x00000000aaa00000)
 Metaspace       used 79609K, committed 81408K, reserved 1179648K
  class space    used 8421K, committed 9216K, reserved 1048576K
}
Event: 18159.845 GC heap after
{Heap after GC invocations=1399 (full 4):
 PSYoungGen      total 24576K, used 1081K [0x00000000d5580000, 0x00000000d7600000, 0x0000000100000000)
  eden space 21504K, 0% used [0x00000000d5580000,0x00000000d5580000,0x00000000d6a80000)
  from space 3072K, 35% used [0x00000000d7080000,0x00000000d718e7b8,0x00000000d7380000)
  to   space 2048K, 0% used [0x00000000d7400000,0x00000000d7400000,0x00000000d7600000)
 ParOldGen       total 699392K, used 698930K [0x0000000080000000, 0x00000000aab00000, 0x00000000d5580000)
  object space 699392K, 99% used [0x0000000080000000,0x00000000aaa8c920,0x00000000aab00000)
 Metaspace       used 79609K, committed 81408K, reserved 1179648K
  class space    used 8421K, committed 9216K, reserved 1048576K
}

